<?xml version="1.0" encoding="UTF-8"?>
<!-- Generated by org.testng.reporters.JUnitReportReporter -->
<testsuite hostname="HL6T2B3" failures="0" tests="16" name="JavaMavenTestNG.JavaMavenTestNG.LoanCalculatorTestClass" time="448.279" errors="7" timestamp="2024-12-19T09:50:39 CST" skipped="0">
  <testcase classname="JavaMavenTestNG.JavaMavenTestNG.LoanCalculatorTestClass" name="loanCalculatorTest" time="28.198"/>
  <system-out>
    <![CDATA[if - REPORTER - ASSERT TRUE CHECK-->true<br>
LOAN CALCULATOR TEST GOT COMPLETED<br>
<a href='C:\Users\pvenkatarajan\GIT2\PVautomation02\JavaMavenTestNG/screenshots/screenshot_loanCalculatorTest [35071.0]_SUCCESS.png' target='_blank'>Screenshot</a>
Screenshot saved for successful test: loanCalculatorTest [35071.0] -> C:\Users\pvenkatarajan\GIT2\PVautomation02\JavaMavenTestNG/screenshots/screenshot_loanCalculatorTest [35071.0]_SUCCESS.png]]>
  </system-out>
  <testcase classname="JavaMavenTestNG.JavaMavenTestNG.LoanCalculatorTestClass" name="loanCalculatorTest" time="78.255">
    <error message="Cannot locate option with text: $2001-$3000
For documentation on this error, please visit: https://www.selenium.dev/documentation/webdriver/troubleshooting/errors#no-such-element-exception
Build info: version: &#039;4.25.0&#039;, revision: &#039;8a8aea2337&#039;
System info: os.name: &#039;Windows 10&#039;, os.arch: &#039;amd64&#039;, os.version: &#039;10.0&#039;, java.version: &#039;11.0.0.2&#039;
Driver info: driver.version: unknown" type="org.openqa.selenium.NoSuchElementException">
      <![CDATA[org.openqa.selenium.NoSuchElementException: Cannot locate option with text: $2001-$3000
For documentation on this error, please visit: https://www.selenium.dev/documentation/webdriver/troubleshooting/errors#no-such-element-exception
Build info: version: '4.25.0', revision: '8a8aea2337'
System info: os.name: 'Windows 10', os.arch: 'amd64', os.version: '10.0', java.version: '11.0.0.2'
Driver info: driver.version: unknown
at org.openqa.selenium.support.ui.Select.selectByVisibleText(Select.java:153)
at JavaMavenTestNG.JavaMavenTestNG.LoanCalculatorTestClass.loanCalculatorTest(LoanCalculatorTestClass.java:81)
at java.base/jdk.internal.reflect.NativeMethodAccessorImpl.invoke0(Native Method)
at java.base/jdk.internal.reflect.NativeMethodAccessorImpl.invoke(NativeMethodAccessorImpl.java:62)
at java.base/jdk.internal.reflect.DelegatingMethodAccessorImpl.invoke(DelegatingMethodAccessorImpl.java:43)
at java.base/java.lang.reflect.Method.invoke(Method.java:566)
at org.testng.internal.MethodInvocationHelper.invokeMethod(MethodInvocationHelper.java:133)
at org.testng.internal.TestInvoker.invokeMethod(TestInvoker.java:598)
at org.testng.internal.TestInvoker.invokeTestMethod(TestInvoker.java:173)
at org.testng.internal.MethodRunner.runInSequence(MethodRunner.java:46)
at org.testng.internal.TestInvoker$MethodInvocationAgent.invoke(TestInvoker.java:824)
at org.testng.internal.TestInvoker.invokeTestMethods(TestInvoker.java:146)
at org.testng.internal.TestMethodWorker.invokeTestMethods(TestMethodWorker.java:146)
at org.testng.internal.TestMethodWorker.run(TestMethodWorker.java:128)
at java.base/java.util.ArrayList.forEach(ArrayList.java:1540)
at org.testng.TestRunner.privateRun(TestRunner.java:794)
at org.testng.TestRunner.run(TestRunner.java:596)
at org.testng.SuiteRunner.runTest(SuiteRunner.java:377)
at org.testng.SuiteRunner.runSequentially(SuiteRunner.java:371)
at org.testng.SuiteRunner.privateRun(SuiteRunner.java:332)
at org.testng.SuiteRunner.run(SuiteRunner.java:276)
at org.testng.SuiteRunnerWorker.runSuite(SuiteRunnerWorker.java:53)
at org.testng.SuiteRunnerWorker.run(SuiteRunnerWorker.java:96)
at org.testng.TestNG.runSuitesSequentially(TestNG.java:1212)
at org.testng.TestNG.runSuitesLocally(TestNG.java:1134)
at org.testng.TestNG.runSuites(TestNG.java:1063)
at org.testng.TestNG.run(TestNG.java:1031)
at org.testng.remote.AbstractRemoteTestNG.run(AbstractRemoteTestNG.java:115)
at org.testng.remote.RemoteTestNG.initAndRun(RemoteTestNG.java:251)
at org.testng.remote.RemoteTestNG.main(RemoteTestNG.java:77)
]]>
    </error>
  </testcase> <!-- loanCalculatorTest -->
  <system-out>
    <![CDATA[<a href='C:\Users\pvenkatarajan\GIT2\PVautomation02\JavaMavenTestNG/screenshots/screenshot_loanCalculatorTest [30076.0]_FAILURE.png' target='_blank'>Screenshot</a>
Screenshot saved for failed test: loanCalculatorTest [30076.0] -> C:\Users\pvenkatarajan\GIT2\PVautomation02\JavaMavenTestNG/screenshots/screenshot_loanCalculatorTest [30076.0]_FAILURE.png]]>
  </system-out>
  <testcase classname="JavaMavenTestNG.JavaMavenTestNG.LoanCalculatorTestClass" name="loanCalculatorTest" time="28.463"/>
  <system-out>
    <![CDATA[if - REPORTER - ASSERT TRUE CHECK-->true<br>
LOAN CALCULATOR TEST GOT COMPLETED<br>
<a href='C:\Users\pvenkatarajan\GIT2\PVautomation02\JavaMavenTestNG/screenshots/screenshot_loanCalculatorTest [42001.0]_SUCCESS.png' target='_blank'>Screenshot</a>
Screenshot saved for successful test: loanCalculatorTest [42001.0] -> C:\Users\pvenkatarajan\GIT2\PVautomation02\JavaMavenTestNG/screenshots/screenshot_loanCalculatorTest [42001.0]_SUCCESS.png]]>
  </system-out>
  <testcase classname="JavaMavenTestNG.JavaMavenTestNG.LoanCalculatorTestClass" name="loanCalculatorTest" time="18.378">
    <error message="You may not select an option in disabled select" type="java.lang.UnsupportedOperationException">
      <![CDATA[java.lang.UnsupportedOperationException: You may not select an option in disabled select
at org.openqa.selenium.support.ui.Select.assertSelectIsEnabled(Select.java:327)
at org.openqa.selenium.support.ui.Select.selectByVisibleText(Select.java:111)
at JavaMavenTestNG.JavaMavenTestNG.LoanCalculatorTestClass.loanCalculatorTest(LoanCalculatorTestClass.java:81)
at java.base/jdk.internal.reflect.NativeMethodAccessorImpl.invoke0(Native Method)
at java.base/jdk.internal.reflect.NativeMethodAccessorImpl.invoke(NativeMethodAccessorImpl.java:62)
at java.base/jdk.internal.reflect.DelegatingMethodAccessorImpl.invoke(DelegatingMethodAccessorImpl.java:43)
at java.base/java.lang.reflect.Method.invoke(Method.java:566)
at org.testng.internal.MethodInvocationHelper.invokeMethod(MethodInvocationHelper.java:133)
at org.testng.internal.TestInvoker.invokeMethod(TestInvoker.java:598)
at org.testng.internal.TestInvoker.invokeTestMethod(TestInvoker.java:173)
at org.testng.internal.MethodRunner.runInSequence(MethodRunner.java:46)
at org.testng.internal.TestInvoker$MethodInvocationAgent.invoke(TestInvoker.java:824)
at org.testng.internal.TestInvoker.invokeTestMethods(TestInvoker.java:146)
at org.testng.internal.TestMethodWorker.invokeTestMethods(TestMethodWorker.java:146)
at org.testng.internal.TestMethodWorker.run(TestMethodWorker.java:128)
at java.base/java.util.ArrayList.forEach(ArrayList.java:1540)
at org.testng.TestRunner.privateRun(TestRunner.java:794)
at org.testng.TestRunner.run(TestRunner.java:596)
at org.testng.SuiteRunner.runTest(SuiteRunner.java:377)
at org.testng.SuiteRunner.runSequentially(SuiteRunner.java:371)
at org.testng.SuiteRunner.privateRun(SuiteRunner.java:332)
at org.testng.SuiteRunner.run(SuiteRunner.java:276)
at org.testng.SuiteRunnerWorker.runSuite(SuiteRunnerWorker.java:53)
at org.testng.SuiteRunnerWorker.run(SuiteRunnerWorker.java:96)
at org.testng.TestNG.runSuitesSequentially(TestNG.java:1212)
at org.testng.TestNG.runSuitesLocally(TestNG.java:1134)
at org.testng.TestNG.runSuites(TestNG.java:1063)
at org.testng.TestNG.run(TestNG.java:1031)
at org.testng.remote.AbstractRemoteTestNG.run(AbstractRemoteTestNG.java:115)
at org.testng.remote.RemoteTestNG.initAndRun(RemoteTestNG.java:251)
at org.testng.remote.RemoteTestNG.main(RemoteTestNG.java:77)
]]>
    </error>
  </testcase> <!-- loanCalculatorTest -->
  <system-out>
    <![CDATA[<a href='C:\Users\pvenkatarajan\GIT2\PVautomation02\JavaMavenTestNG/screenshots/screenshot_loanCalculatorTest [43103.0]_FAILURE.png' target='_blank'>Screenshot</a>
Screenshot saved for failed test: loanCalculatorTest [43103.0] -> C:\Users\pvenkatarajan\GIT2\PVautomation02\JavaMavenTestNG/screenshots/screenshot_loanCalculatorTest [43103.0]_FAILURE.png]]>
  </system-out>
  <testcase classname="JavaMavenTestNG.JavaMavenTestNG.LoanCalculatorTestClass" name="loanCalculatorTest" time="18.356">
    <error message="You may not select an option in disabled select" type="java.lang.UnsupportedOperationException">
      <![CDATA[java.lang.UnsupportedOperationException: You may not select an option in disabled select
at org.openqa.selenium.support.ui.Select.assertSelectIsEnabled(Select.java:327)
at org.openqa.selenium.support.ui.Select.selectByVisibleText(Select.java:111)
at JavaMavenTestNG.JavaMavenTestNG.LoanCalculatorTestClass.loanCalculatorTest(LoanCalculatorTestClass.java:81)
at java.base/jdk.internal.reflect.NativeMethodAccessorImpl.invoke0(Native Method)
at java.base/jdk.internal.reflect.NativeMethodAccessorImpl.invoke(NativeMethodAccessorImpl.java:62)
at java.base/jdk.internal.reflect.DelegatingMethodAccessorImpl.invoke(DelegatingMethodAccessorImpl.java:43)
at java.base/java.lang.reflect.Method.invoke(Method.java:566)
at org.testng.internal.MethodInvocationHelper.invokeMethod(MethodInvocationHelper.java:133)
at org.testng.internal.TestInvoker.invokeMethod(TestInvoker.java:598)
at org.testng.internal.TestInvoker.invokeTestMethod(TestInvoker.java:173)
at org.testng.internal.MethodRunner.runInSequence(MethodRunner.java:46)
at org.testng.internal.TestInvoker$MethodInvocationAgent.invoke(TestInvoker.java:824)
at org.testng.internal.TestInvoker.invokeTestMethods(TestInvoker.java:146)
at org.testng.internal.TestMethodWorker.invokeTestMethods(TestMethodWorker.java:146)
at org.testng.internal.TestMethodWorker.run(TestMethodWorker.java:128)
at java.base/java.util.ArrayList.forEach(ArrayList.java:1540)
at org.testng.TestRunner.privateRun(TestRunner.java:794)
at org.testng.TestRunner.run(TestRunner.java:596)
at org.testng.SuiteRunner.runTest(SuiteRunner.java:377)
at org.testng.SuiteRunner.runSequentially(SuiteRunner.java:371)
at org.testng.SuiteRunner.privateRun(SuiteRunner.java:332)
at org.testng.SuiteRunner.run(SuiteRunner.java:276)
at org.testng.SuiteRunnerWorker.runSuite(SuiteRunnerWorker.java:53)
at org.testng.SuiteRunnerWorker.run(SuiteRunnerWorker.java:96)
at org.testng.TestNG.runSuitesSequentially(TestNG.java:1212)
at org.testng.TestNG.runSuitesLocally(TestNG.java:1134)
at org.testng.TestNG.runSuites(TestNG.java:1063)
at org.testng.TestNG.run(TestNG.java:1031)
at org.testng.remote.AbstractRemoteTestNG.run(AbstractRemoteTestNG.java:115)
at org.testng.remote.RemoteTestNG.initAndRun(RemoteTestNG.java:251)
at org.testng.remote.RemoteTestNG.main(RemoteTestNG.java:77)
]]>
    </error>
  </testcase> <!-- loanCalculatorTest -->
  <system-out>
    <![CDATA[<a href='C:\Users\pvenkatarajan\GIT2\PVautomation02\JavaMavenTestNG/screenshots/screenshot_loanCalculatorTest [47731.0]_FAILURE.png' target='_blank'>Screenshot</a>
Screenshot saved for failed test: loanCalculatorTest [47731.0] -> C:\Users\pvenkatarajan\GIT2\PVautomation02\JavaMavenTestNG/screenshots/screenshot_loanCalculatorTest [47731.0]_FAILURE.png]]>
  </system-out>
  <testcase classname="JavaMavenTestNG.JavaMavenTestNG.LoanCalculatorTestClass" name="loanCalculatorTest" time="18.435">
    <error message="You may not select an option in disabled select" type="java.lang.UnsupportedOperationException">
      <![CDATA[java.lang.UnsupportedOperationException: You may not select an option in disabled select
at org.openqa.selenium.support.ui.Select.assertSelectIsEnabled(Select.java:327)
at org.openqa.selenium.support.ui.Select.selectByVisibleText(Select.java:111)
at JavaMavenTestNG.JavaMavenTestNG.LoanCalculatorTestClass.loanCalculatorTest(LoanCalculatorTestClass.java:81)
at java.base/jdk.internal.reflect.NativeMethodAccessorImpl.invoke0(Native Method)
at java.base/jdk.internal.reflect.NativeMethodAccessorImpl.invoke(NativeMethodAccessorImpl.java:62)
at java.base/jdk.internal.reflect.DelegatingMethodAccessorImpl.invoke(DelegatingMethodAccessorImpl.java:43)
at java.base/java.lang.reflect.Method.invoke(Method.java:566)
at org.testng.internal.MethodInvocationHelper.invokeMethod(MethodInvocationHelper.java:133)
at org.testng.internal.TestInvoker.invokeMethod(TestInvoker.java:598)
at org.testng.internal.TestInvoker.invokeTestMethod(TestInvoker.java:173)
at org.testng.internal.MethodRunner.runInSequence(MethodRunner.java:46)
at org.testng.internal.TestInvoker$MethodInvocationAgent.invoke(TestInvoker.java:824)
at org.testng.internal.TestInvoker.invokeTestMethods(TestInvoker.java:146)
at org.testng.internal.TestMethodWorker.invokeTestMethods(TestMethodWorker.java:146)
at org.testng.internal.TestMethodWorker.run(TestMethodWorker.java:128)
at java.base/java.util.ArrayList.forEach(ArrayList.java:1540)
at org.testng.TestRunner.privateRun(TestRunner.java:794)
at org.testng.TestRunner.run(TestRunner.java:596)
at org.testng.SuiteRunner.runTest(SuiteRunner.java:377)
at org.testng.SuiteRunner.runSequentially(SuiteRunner.java:371)
at org.testng.SuiteRunner.privateRun(SuiteRunner.java:332)
at org.testng.SuiteRunner.run(SuiteRunner.java:276)
at org.testng.SuiteRunnerWorker.runSuite(SuiteRunnerWorker.java:53)
at org.testng.SuiteRunnerWorker.run(SuiteRunnerWorker.java:96)
at org.testng.TestNG.runSuitesSequentially(TestNG.java:1212)
at org.testng.TestNG.runSuitesLocally(TestNG.java:1134)
at org.testng.TestNG.runSuites(TestNG.java:1063)
at org.testng.TestNG.run(TestNG.java:1031)
at org.testng.remote.AbstractRemoteTestNG.run(AbstractRemoteTestNG.java:115)
at org.testng.remote.RemoteTestNG.initAndRun(RemoteTestNG.java:251)
at org.testng.remote.RemoteTestNG.main(RemoteTestNG.java:77)
]]>
    </error>
  </testcase> <!-- loanCalculatorTest -->
  <system-out>
    <![CDATA[<a href='C:\Users\pvenkatarajan\GIT2\PVautomation02\JavaMavenTestNG/screenshots/screenshot_loanCalculatorTest [32309.0]_FAILURE.png' target='_blank'>Screenshot</a>
Screenshot saved for failed test: loanCalculatorTest [32309.0] -> C:\Users\pvenkatarajan\GIT2\PVautomation02\JavaMavenTestNG/screenshots/screenshot_loanCalculatorTest [32309.0]_FAILURE.png]]>
  </system-out>
  <testcase classname="JavaMavenTestNG.JavaMavenTestNG.LoanCalculatorTestClass" name="loanCalculatorTest" time="28.742"/>
  <system-out>
    <![CDATA[if - REPORTER - ASSERT TRUE CHECK-->true<br>
LOAN CALCULATOR TEST GOT COMPLETED<br>
<a href='C:\Users\pvenkatarajan\GIT2\PVautomation02\JavaMavenTestNG/screenshots/screenshot_loanCalculatorTest [63011.0]_SUCCESS.png' target='_blank'>Screenshot</a>
Screenshot saved for successful test: loanCalculatorTest [63011.0] -> C:\Users\pvenkatarajan\GIT2\PVautomation02\JavaMavenTestNG/screenshots/screenshot_loanCalculatorTest [63011.0]_SUCCESS.png]]>
  </system-out>
  <testcase classname="JavaMavenTestNG.JavaMavenTestNG.LoanCalculatorTestClass" name="loanCalculatorTest" time="28.335"/>
  <system-out>
    <![CDATA[if - REPORTER - ASSERT TRUE CHECK-->true<br>
LOAN CALCULATOR TEST GOT COMPLETED<br>
<a href='C:\Users\pvenkatarajan\GIT2\PVautomation02\JavaMavenTestNG/screenshots/screenshot_loanCalculatorTest [38930.0]_SUCCESS.png' target='_blank'>Screenshot</a>
Screenshot saved for successful test: loanCalculatorTest [38930.0] -> C:\Users\pvenkatarajan\GIT2\PVautomation02\JavaMavenTestNG/screenshots/screenshot_loanCalculatorTest [38930.0]_SUCCESS.png]]>
  </system-out>
  <testcase classname="JavaMavenTestNG.JavaMavenTestNG.LoanCalculatorTestClass" name="loanCalculatorTest" time="28.975"/>
  <system-out>
    <![CDATA[if - REPORTER - ASSERT TRUE CHECK-->true<br>
LOAN CALCULATOR TEST GOT COMPLETED<br>
<a href='C:\Users\pvenkatarajan\GIT2\PVautomation02\JavaMavenTestNG/screenshots/screenshot_loanCalculatorTest [23224.0]_SUCCESS.png' target='_blank'>Screenshot</a>
Screenshot saved for successful test: loanCalculatorTest [23224.0] -> C:\Users\pvenkatarajan\GIT2\PVautomation02\JavaMavenTestNG/screenshots/screenshot_loanCalculatorTest [23224.0]_SUCCESS.png]]>
  </system-out>
  <testcase classname="JavaMavenTestNG.JavaMavenTestNG.LoanCalculatorTestClass" name="loanCalculatorTest" time="18.468">
    <error message="You may not select an option in disabled select" type="java.lang.UnsupportedOperationException">
      <![CDATA[java.lang.UnsupportedOperationException: You may not select an option in disabled select
at org.openqa.selenium.support.ui.Select.assertSelectIsEnabled(Select.java:327)
at org.openqa.selenium.support.ui.Select.selectByVisibleText(Select.java:111)
at JavaMavenTestNG.JavaMavenTestNG.LoanCalculatorTestClass.loanCalculatorTest(LoanCalculatorTestClass.java:81)
at java.base/jdk.internal.reflect.NativeMethodAccessorImpl.invoke0(Native Method)
at java.base/jdk.internal.reflect.NativeMethodAccessorImpl.invoke(NativeMethodAccessorImpl.java:62)
at java.base/jdk.internal.reflect.DelegatingMethodAccessorImpl.invoke(DelegatingMethodAccessorImpl.java:43)
at java.base/java.lang.reflect.Method.invoke(Method.java:566)
at org.testng.internal.MethodInvocationHelper.invokeMethod(MethodInvocationHelper.java:133)
at org.testng.internal.TestInvoker.invokeMethod(TestInvoker.java:598)
at org.testng.internal.TestInvoker.invokeTestMethod(TestInvoker.java:173)
at org.testng.internal.MethodRunner.runInSequence(MethodRunner.java:46)
at org.testng.internal.TestInvoker$MethodInvocationAgent.invoke(TestInvoker.java:824)
at org.testng.internal.TestInvoker.invokeTestMethods(TestInvoker.java:146)
at org.testng.internal.TestMethodWorker.invokeTestMethods(TestMethodWorker.java:146)
at org.testng.internal.TestMethodWorker.run(TestMethodWorker.java:128)
at java.base/java.util.ArrayList.forEach(ArrayList.java:1540)
at org.testng.TestRunner.privateRun(TestRunner.java:794)
at org.testng.TestRunner.run(TestRunner.java:596)
at org.testng.SuiteRunner.runTest(SuiteRunner.java:377)
at org.testng.SuiteRunner.runSequentially(SuiteRunner.java:371)
at org.testng.SuiteRunner.privateRun(SuiteRunner.java:332)
at org.testng.SuiteRunner.run(SuiteRunner.java:276)
at org.testng.SuiteRunnerWorker.runSuite(SuiteRunnerWorker.java:53)
at org.testng.SuiteRunnerWorker.run(SuiteRunnerWorker.java:96)
at org.testng.TestNG.runSuitesSequentially(TestNG.java:1212)
at org.testng.TestNG.runSuitesLocally(TestNG.java:1134)
at org.testng.TestNG.runSuites(TestNG.java:1063)
at org.testng.TestNG.run(TestNG.java:1031)
at org.testng.remote.AbstractRemoteTestNG.run(AbstractRemoteTestNG.java:115)
at org.testng.remote.RemoteTestNG.initAndRun(RemoteTestNG.java:251)
at org.testng.remote.RemoteTestNG.main(RemoteTestNG.java:77)
]]>
    </error>
  </testcase> <!-- loanCalculatorTest -->
  <system-out>
    <![CDATA[<a href='C:\Users\pvenkatarajan\GIT2\PVautomation02\JavaMavenTestNG/screenshots/screenshot_loanCalculatorTest [27612.0]_FAILURE.png' target='_blank'>Screenshot</a>
Screenshot saved for failed test: loanCalculatorTest [27612.0] -> C:\Users\pvenkatarajan\GIT2\PVautomation02\JavaMavenTestNG/screenshots/screenshot_loanCalculatorTest [27612.0]_FAILURE.png]]>
  </system-out>
  <testcase classname="JavaMavenTestNG.JavaMavenTestNG.LoanCalculatorTestClass" name="loanCalculatorTest" time="18.369">
    <error message="You may not select an option in disabled select" type="java.lang.UnsupportedOperationException">
      <![CDATA[java.lang.UnsupportedOperationException: You may not select an option in disabled select
at org.openqa.selenium.support.ui.Select.assertSelectIsEnabled(Select.java:327)
at org.openqa.selenium.support.ui.Select.selectByVisibleText(Select.java:111)
at JavaMavenTestNG.JavaMavenTestNG.LoanCalculatorTestClass.loanCalculatorTest(LoanCalculatorTestClass.java:81)
at java.base/jdk.internal.reflect.NativeMethodAccessorImpl.invoke0(Native Method)
at java.base/jdk.internal.reflect.NativeMethodAccessorImpl.invoke(NativeMethodAccessorImpl.java:62)
at java.base/jdk.internal.reflect.DelegatingMethodAccessorImpl.invoke(DelegatingMethodAccessorImpl.java:43)
at java.base/java.lang.reflect.Method.invoke(Method.java:566)
at org.testng.internal.MethodInvocationHelper.invokeMethod(MethodInvocationHelper.java:133)
at org.testng.internal.TestInvoker.invokeMethod(TestInvoker.java:598)
at org.testng.internal.TestInvoker.invokeTestMethod(TestInvoker.java:173)
at org.testng.internal.MethodRunner.runInSequence(MethodRunner.java:46)
at org.testng.internal.TestInvoker$MethodInvocationAgent.invoke(TestInvoker.java:824)
at org.testng.internal.TestInvoker.invokeTestMethods(TestInvoker.java:146)
at org.testng.internal.TestMethodWorker.invokeTestMethods(TestMethodWorker.java:146)
at org.testng.internal.TestMethodWorker.run(TestMethodWorker.java:128)
at java.base/java.util.ArrayList.forEach(ArrayList.java:1540)
at org.testng.TestRunner.privateRun(TestRunner.java:794)
at org.testng.TestRunner.run(TestRunner.java:596)
at org.testng.SuiteRunner.runTest(SuiteRunner.java:377)
at org.testng.SuiteRunner.runSequentially(SuiteRunner.java:371)
at org.testng.SuiteRunner.privateRun(SuiteRunner.java:332)
at org.testng.SuiteRunner.run(SuiteRunner.java:276)
at org.testng.SuiteRunnerWorker.runSuite(SuiteRunnerWorker.java:53)
at org.testng.SuiteRunnerWorker.run(SuiteRunnerWorker.java:96)
at org.testng.TestNG.runSuitesSequentially(TestNG.java:1212)
at org.testng.TestNG.runSuitesLocally(TestNG.java:1134)
at org.testng.TestNG.runSuites(TestNG.java:1063)
at org.testng.TestNG.run(TestNG.java:1031)
at org.testng.remote.AbstractRemoteTestNG.run(AbstractRemoteTestNG.java:115)
at org.testng.remote.RemoteTestNG.initAndRun(RemoteTestNG.java:251)
at org.testng.remote.RemoteTestNG.main(RemoteTestNG.java:77)
]]>
    </error>
  </testcase> <!-- loanCalculatorTest -->
  <system-out>
    <![CDATA[<a href='C:\Users\pvenkatarajan\GIT2\PVautomation02\JavaMavenTestNG/screenshots/screenshot_loanCalculatorTest [53219.0]_FAILURE.png' target='_blank'>Screenshot</a>
Screenshot saved for failed test: loanCalculatorTest [53219.0] -> C:\Users\pvenkatarajan\GIT2\PVautomation02\JavaMavenTestNG/screenshots/screenshot_loanCalculatorTest [53219.0]_FAILURE.png]]>
  </system-out>
  <testcase classname="JavaMavenTestNG.JavaMavenTestNG.LoanCalculatorTestClass" name="loanCalculatorTest" time="31.090"/>
  <system-out>
    <![CDATA[if - REPORTER - ASSERT TRUE CHECK-->true<br>
LOAN CALCULATOR TEST GOT COMPLETED<br>
<a href='C:\Users\pvenkatarajan\GIT2\PVautomation02\JavaMavenTestNG/screenshots/screenshot_loanCalculatorTest [29621.0]_SUCCESS.png' target='_blank'>Screenshot</a>
Screenshot saved for successful test: loanCalculatorTest [29621.0] -> C:\Users\pvenkatarajan\GIT2\PVautomation02\JavaMavenTestNG/screenshots/screenshot_loanCalculatorTest [29621.0]_SUCCESS.png]]>
  </system-out>
  <testcase classname="JavaMavenTestNG.JavaMavenTestNG.LoanCalculatorTestClass" name="loanCalculatorTest" time="28.741"/>
  <system-out>
    <![CDATA[if - REPORTER - ASSERT TRUE CHECK-->true<br>
LOAN CALCULATOR TEST GOT COMPLETED<br>
<a href='C:\Users\pvenkatarajan\GIT2\PVautomation02\JavaMavenTestNG/screenshots/screenshot_loanCalculatorTest [38305.0]_SUCCESS.png' target='_blank'>Screenshot</a>
Screenshot saved for successful test: loanCalculatorTest [38305.0] -> C:\Users\pvenkatarajan\GIT2\PVautomation02\JavaMavenTestNG/screenshots/screenshot_loanCalculatorTest [38305.0]_SUCCESS.png]]>
  </system-out>
  <testcase classname="JavaMavenTestNG.JavaMavenTestNG.LoanCalculatorTestClass" name="loanCalculatorTest" time="28.319"/>
  <system-out>
    <![CDATA[if - REPORTER - ASSERT TRUE CHECK-->true<br>
LOAN CALCULATOR TEST GOT COMPLETED<br>
<a href='C:\Users\pvenkatarajan\GIT2\PVautomation02\JavaMavenTestNG/screenshots/screenshot_loanCalculatorTest [70816.0]_SUCCESS.png' target='_blank'>Screenshot</a>
Screenshot saved for successful test: loanCalculatorTest [70816.0] -> C:\Users\pvenkatarajan\GIT2\PVautomation02\JavaMavenTestNG/screenshots/screenshot_loanCalculatorTest [70816.0]_SUCCESS.png]]>
  </system-out>
  <testcase classname="JavaMavenTestNG.JavaMavenTestNG.LoanCalculatorTestClass" name="loanCalculatorTest" time="28.514"/>
  <system-out>
    <![CDATA[if - REPORTER - ASSERT TRUE CHECK-->true<br>
LOAN CALCULATOR TEST GOT COMPLETED<br>
<a href='C:\Users\pvenkatarajan\GIT2\PVautomation02\JavaMavenTestNG/screenshots/screenshot_loanCalculatorTest [75287.0]_SUCCESS.png' target='_blank'>Screenshot</a>
Screenshot saved for successful test: loanCalculatorTest [75287.0] -> C:\Users\pvenkatarajan\GIT2\PVautomation02\JavaMavenTestNG/screenshots/screenshot_loanCalculatorTest [75287.0]_SUCCESS.png]]>
  </system-out>
  <testcase classname="JavaMavenTestNG.JavaMavenTestNG.LoanCalculatorTestClass" name="loanCalculatorTest" time="18.641">
    <error message="You may not select an option in disabled select" type="java.lang.UnsupportedOperationException">
      <![CDATA[java.lang.UnsupportedOperationException: You may not select an option in disabled select
at org.openqa.selenium.support.ui.Select.assertSelectIsEnabled(Select.java:327)
at org.openqa.selenium.support.ui.Select.selectByVisibleText(Select.java:111)
at JavaMavenTestNG.JavaMavenTestNG.LoanCalculatorTestClass.loanCalculatorTest(LoanCalculatorTestClass.java:81)
at java.base/jdk.internal.reflect.NativeMethodAccessorImpl.invoke0(Native Method)
at java.base/jdk.internal.reflect.NativeMethodAccessorImpl.invoke(NativeMethodAccessorImpl.java:62)
at java.base/jdk.internal.reflect.DelegatingMethodAccessorImpl.invoke(DelegatingMethodAccessorImpl.java:43)
at java.base/java.lang.reflect.Method.invoke(Method.java:566)
at org.testng.internal.MethodInvocationHelper.invokeMethod(MethodInvocationHelper.java:133)
at org.testng.internal.TestInvoker.invokeMethod(TestInvoker.java:598)
at org.testng.internal.TestInvoker.invokeTestMethod(TestInvoker.java:173)
at org.testng.internal.MethodRunner.runInSequence(MethodRunner.java:46)
at org.testng.internal.TestInvoker$MethodInvocationAgent.invoke(TestInvoker.java:824)
at org.testng.internal.TestInvoker.invokeTestMethods(TestInvoker.java:146)
at org.testng.internal.TestMethodWorker.invokeTestMethods(TestMethodWorker.java:146)
at org.testng.internal.TestMethodWorker.run(TestMethodWorker.java:128)
at java.base/java.util.ArrayList.forEach(ArrayList.java:1540)
at org.testng.TestRunner.privateRun(TestRunner.java:794)
at org.testng.TestRunner.run(TestRunner.java:596)
at org.testng.SuiteRunner.runTest(SuiteRunner.java:377)
at org.testng.SuiteRunner.runSequentially(SuiteRunner.java:371)
at org.testng.SuiteRunner.privateRun(SuiteRunner.java:332)
at org.testng.SuiteRunner.run(SuiteRunner.java:276)
at org.testng.SuiteRunnerWorker.runSuite(SuiteRunnerWorker.java:53)
at org.testng.SuiteRunnerWorker.run(SuiteRunnerWorker.java:96)
at org.testng.TestNG.runSuitesSequentially(TestNG.java:1212)
at org.testng.TestNG.runSuitesLocally(TestNG.java:1134)
at org.testng.TestNG.runSuites(TestNG.java:1063)
at org.testng.TestNG.run(TestNG.java:1031)
at org.testng.remote.AbstractRemoteTestNG.run(AbstractRemoteTestNG.java:115)
at org.testng.remote.RemoteTestNG.initAndRun(RemoteTestNG.java:251)
at org.testng.remote.RemoteTestNG.main(RemoteTestNG.java:77)
]]>
    </error>
  </testcase> <!-- loanCalculatorTest -->
  <system-out>
    <![CDATA[<a href='C:\Users\pvenkatarajan\GIT2\PVautomation02\JavaMavenTestNG/screenshots/screenshot_loanCalculatorTest [85296.0]_FAILURE.png' target='_blank'>Screenshot</a>
Screenshot saved for failed test: loanCalculatorTest [85296.0] -> C:\Users\pvenkatarajan\GIT2\PVautomation02\JavaMavenTestNG/screenshots/screenshot_loanCalculatorTest [85296.0]_FAILURE.png]]>
  </system-out>
</testsuite> <!-- JavaMavenTestNG.JavaMavenTestNG.LoanCalculatorTestClass -->
