<?xml version="1.0" encoding="UTF-8"?>
<!-- Generated by org.testng.reporters.JUnitXMLReporter -->
<testsuite ignored="24" hostname="HL6T2B3" failures="1" tests="5" name="Test" time="266.959" errors="0" timestamp="2024-12-13T17:58:24 CST">
  <testcase classname="JavaMavenTestNG.JavaMavenTestNG.NewTest" name="test1" time="125.64">
    <failure type="org.openqa.selenium.NoSuchElementException" message="no such element: Unable to locate element: {&amp;quot;method&amp;quot;:&amp;quot;xpath&amp;quot;,&amp;quot;selector&amp;quot;:&amp;quot;//*[text()=&amp;apos;Account Summary&amp;apos;]&amp;quot;}
  (Session info: chrome=131.0.6778.140)
For documentation on this error, please visit: https://www.selenium.dev/documentation/webdriver/troubleshooting/errors#no-such-element-exception
Build info: version: &amp;apos;4.25.0&amp;apos;, revision: &amp;apos;8a8aea2337&amp;apos;
System info: os.name: &amp;apos;Windows 10&amp;apos;, os.arch: &amp;apos;amd64&amp;apos;, os.version: &amp;apos;10.0&amp;apos;, java.version: &amp;apos;11.0.0.2&amp;apos;
Driver info: org.openqa.selenium.chrome.ChromeDriver
Command: [18364cce669e3df6f1ffdd4384065816, findElement {using=xpath, value=//*[text()=&amp;apos;Account Summary&amp;apos;]}]
Capabilities {acceptInsecureCerts: false, browserName: chrome, browserVersion: 131.0.6778.140, chrome: {chromedriverVersion: 131.0.6778.87 (ce31cae94873..., userDataDir: C:\Users\PVENKA~1\AppData\L...}, fedcm:accounts: true, goog:chromeOptions: {debuggerAddress: localhost:49294}, networkConnectionEnabled: false, pageLoadStrategy: normal, platformName: windows, proxy: Proxy(), se:cdp: ws://localhost:49294/devtoo..., se:cdpVersion: 131.0.6778.140, setWindowRect: true, strictFileInteractability: false, timeouts: {implicit: 0, pageLoad: 300000, script: 30000}, unhandledPromptBehavior: dismiss and notify, webauthn:extension:credBlob: true, webauthn:extension:largeBlob: true, webauthn:extension:minPinLength: true, webauthn:extension:prf: true, webauthn:virtualAuthenticators: true}
Session ID: 18364cce669e3df6f1ffdd4384065816">
      <![CDATA[org.openqa.selenium.NoSuchElementException: no such element: Unable to locate element: {"method":"xpath","selector":"//*[text()='Account Summary']"}
  (Session info: chrome=131.0.6778.140)
For documentation on this error, please visit: https://www.selenium.dev/documentation/webdriver/troubleshooting/errors#no-such-element-exception
Build info: version: '4.25.0', revision: '8a8aea2337'
System info: os.name: 'Windows 10', os.arch: 'amd64', os.version: '10.0', java.version: '11.0.0.2'
Driver info: org.openqa.selenium.chrome.ChromeDriver
Command: [18364cce669e3df6f1ffdd4384065816, findElement {using=xpath, value=//*[text()='Account Summary']}]
Capabilities {acceptInsecureCerts: false, browserName: chrome, browserVersion: 131.0.6778.140, chrome: {chromedriverVersion: 131.0.6778.87 (ce31cae94873..., userDataDir: C:\Users\PVENKA~1\AppData\L...}, fedcm:accounts: true, goog:chromeOptions: {debuggerAddress: localhost:49294}, networkConnectionEnabled: false, pageLoadStrategy: normal, platformName: windows, proxy: Proxy(), se:cdp: ws://localhost:49294/devtoo..., se:cdpVersion: 131.0.6778.140, setWindowRect: true, strictFileInteractability: false, timeouts: {implicit: 0, pageLoad: 300000, script: 30000}, unhandledPromptBehavior: dismiss and notify, webauthn:extension:credBlob: true, webauthn:extension:largeBlob: true, webauthn:extension:minPinLength: true, webauthn:extension:prf: true, webauthn:virtualAuthenticators: true}
Session ID: 18364cce669e3df6f1ffdd4384065816
at org.openqa.selenium.remote.ErrorCodec.decode(ErrorCodec.java:167)
at org.openqa.selenium.remote.codec.w3c.W3CHttpResponseCodec.decode(W3CHttpResponseCodec.java:138)
at org.openqa.selenium.remote.codec.w3c.W3CHttpResponseCodec.decode(W3CHttpResponseCodec.java:50)
at org.openqa.selenium.remote.HttpCommandExecutor.execute(HttpCommandExecutor.java:190)
at org.openqa.selenium.remote.service.DriverCommandExecutor.invokeExecute(DriverCommandExecutor.java:216)
at org.openqa.selenium.remote.service.DriverCommandExecutor.execute(DriverCommandExecutor.java:174)
at org.openqa.selenium.remote.RemoteWebDriver.execute(RemoteWebDriver.java:545)
at org.openqa.selenium.remote.ElementLocation$ElementFinder$2.findElement(ElementLocation.java:165)
at org.openqa.selenium.remote.ElementLocation.findElement(ElementLocation.java:59)
at org.openqa.selenium.remote.RemoteWebDriver.findElement(RemoteWebDriver.java:368)
at org.openqa.selenium.remote.RemoteWebDriver.findElement(RemoteWebDriver.java:362)
at JavaMavenTestNG.JavaMavenTestNG.NewTest.test1(NewTest.java:42)
at java.base/java.util.ArrayList.forEach(ArrayList.java:1540)
... Removed 31 stack frames]]>
    </failure>
  </testcase> <!-- test1 -->
  <testcase classname="JavaMavenTestNG.JavaMavenTestNG.NewTest" name="test2" time="0.005"/>
  <testcase classname="JavaMavenTestNG.JavaMavenTestNG.NewTest" name="test3" time="0.0"/>
  <testcase classname="JavaMavenTestNG.JavaMavenTestNG.Test1" name="crmTest1" time="83.268"/>
  <testcase classname="JavaMavenTestNG.JavaMavenTestNG.Test1" name="crmTest2" time="50.908"/>
  <testcase classname="JavaMavenTestNG.JavaMavenTestNG.Test1" name="crmTest06" time="0.0">
    <ignored/>
  </testcase> <!-- crmTest06 -->
  <testcase classname="JavaMavenTestNG.JavaMavenTestNG.Test1" name="crmTest06" time="0.0">
    <ignored/>
  </testcase> <!-- crmTest06 -->
  <testcase classname="JavaMavenTestNG.JavaMavenTestNG.Test1" name="crmTest02" time="0.0">
    <ignored/>
  </testcase> <!-- crmTest02 -->
  <testcase classname="JavaMavenTestNG.JavaMavenTestNG.Test1" name="crmTest02" time="0.0">
    <ignored/>
  </testcase> <!-- crmTest02 -->
  <testcase classname="JavaMavenTestNG.JavaMavenTestNG.Test1" name="crmTest3" time="0.0">
    <ignored/>
  </testcase> <!-- crmTest3 -->
  <testcase classname="JavaMavenTestNG.JavaMavenTestNG.Test1" name="crmTest3" time="0.0">
    <ignored/>
  </testcase> <!-- crmTest3 -->
  <testcase classname="JavaMavenTestNG.JavaMavenTestNG.Test1" name="crmTest8" time="0.0">
    <ignored/>
  </testcase> <!-- crmTest8 -->
  <testcase classname="JavaMavenTestNG.JavaMavenTestNG.Test1" name="crmTest8" time="0.0">
    <ignored/>
  </testcase> <!-- crmTest8 -->
  <testcase classname="JavaMavenTestNG.JavaMavenTestNG.Test1" name="crmTest9" time="0.0">
    <ignored/>
  </testcase> <!-- crmTest9 -->
  <testcase classname="JavaMavenTestNG.JavaMavenTestNG.Test1" name="crmTest9" time="0.0">
    <ignored/>
  </testcase> <!-- crmTest9 -->
  <testcase classname="JavaMavenTestNG.JavaMavenTestNG.Test1" name="crmTest4" time="0.0">
    <ignored/>
  </testcase> <!-- crmTest4 -->
  <testcase classname="JavaMavenTestNG.JavaMavenTestNG.Test1" name="crmTest4" time="0.0">
    <ignored/>
  </testcase> <!-- crmTest4 -->
  <testcase classname="JavaMavenTestNG.JavaMavenTestNG.Test1" name="crmTest6" time="0.0">
    <ignored/>
  </testcase> <!-- crmTest6 -->
  <testcase classname="JavaMavenTestNG.JavaMavenTestNG.Test1" name="crmTest6" time="0.0">
    <ignored/>
  </testcase> <!-- crmTest6 -->
  <testcase classname="JavaMavenTestNG.JavaMavenTestNG.Test1" name="crmTest002" time="0.0">
    <ignored/>
  </testcase> <!-- crmTest002 -->
  <testcase classname="JavaMavenTestNG.JavaMavenTestNG.Test1" name="crmTest5" time="0.0">
    <ignored/>
  </testcase> <!-- crmTest5 -->
  <testcase classname="JavaMavenTestNG.JavaMavenTestNG.Test1" name="crmTest002" time="0.0">
    <ignored/>
  </testcase> <!-- crmTest002 -->
  <testcase classname="JavaMavenTestNG.JavaMavenTestNG.Test1" name="crmTest5" time="0.0">
    <ignored/>
  </testcase> <!-- crmTest5 -->
  <testcase classname="JavaMavenTestNG.JavaMavenTestNG.Test1" name="crmTest7" time="0.0">
    <ignored/>
  </testcase> <!-- crmTest7 -->
  <testcase classname="JavaMavenTestNG.JavaMavenTestNG.Test1" name="crmTest7" time="0.0">
    <ignored/>
  </testcase> <!-- crmTest7 -->
  <testcase classname="JavaMavenTestNG.JavaMavenTestNG.Test1" name="crmTest2" time="0.0">
    <ignored/>
  </testcase> <!-- crmTest2 -->
  <testcase classname="JavaMavenTestNG.JavaMavenTestNG.Test1" name="crmTest1" time="0.0">
    <ignored/>
  </testcase> <!-- crmTest1 -->
  <testcase classname="JavaMavenTestNG.JavaMavenTestNG.Test1" name="crmTest10" time="0.0">
    <ignored/>
  </testcase> <!-- crmTest10 -->
  <testcase classname="JavaMavenTestNG.JavaMavenTestNG.Test1" name="crmTest10" time="0.0">
    <ignored/>
  </testcase> <!-- crmTest10 -->
</testsuite> <!-- Test -->
