<html>
<head>
<title>TestNG:  Default test</title>
<link href="../testng.css" rel="stylesheet" type="text/css" />
<link href="../my-testng.css" rel="stylesheet" type="text/css" />

<style type="text/css">
.log { display: none;} 
.stack-trace { display: none;} 
</style>
<script type="text/javascript">
<!--
function flip(e) {
  current = e.style.display;
  if (current == 'block') {
    e.style.display = 'none';
    return 0;
  }
  else {
    e.style.display = 'block';
    return 1;
  }
}

function toggleBox(szDivId, elem, msg1, msg2)
{
  var res = -1;  if (document.getElementById) {
    res = flip(document.getElementById(szDivId));
  }
  else if (document.all) {
    // this is the way old msie versions work
    res = flip(document.all[szDivId]);
  }
  if(elem) {
    if(res == 0) elem.innerHTML = msg1; else elem.innerHTML = msg2;
  }

}

function toggleAllBoxes() {
  if (document.getElementsByTagName) {
    d = document.getElementsByTagName('div');
    for (i = 0; i < d.length; i++) {
      if (d[i].className == 'log') {
        flip(d[i]);
      }
    }
  }
}

// -->
</script>

</head>
<body>
<h2 align='center'>Default test</h2><table border='1' align="center">
<tr>
<td>Tests passed/Failed/Skipped:</td><td>10/6/0</td>
</tr><tr>
<td>Started on:</td><td>Fri Apr 04 10:11:17 CDT 2025</td>
</tr>
<tr><td>Total time:</td><td>463 seconds (463265 ms)</td>
</tr><tr>
<td>Included groups:</td><td></td>
</tr><tr>
<td>Excluded groups:</td><td></td>
</tr>
</table><p/>
<small><i>(Hover the method name to see the test class name)</i></small><p/>
<table width='100%' border='1' class='invocation-failed'>
<tr><td colspan='4' align='center'><b>FAILED TESTS</b></td></tr>
<tr><td><b>Test method</b></td>
<td width="30%"><b>Exception</b></td>
<td width="10%"><b>Time (seconds)</b></td>
<td><b>Instance</b></td>
</tr>
<tr>
<td title='JavaMavenTestNG.JavaMavenTestNG.LoanCalculatorTestClass.loanCalculatorTest()'><b>loanCalculatorTest</b><br>Test class: JavaMavenTestNG.JavaMavenTestNG.LoanCalculatorTestClass<br>Test method: Owner: pv_test<br>Parameters: 85296.0, $5001-$6000, 24 months, 500-599 (Fair)</td>
<td><div><pre>java.lang.UnsupportedOperationException: You may not select an option in disabled select
	at org.openqa.selenium.support.ui.Select.assertSelectIsEnabled(Select.java:327)
	at org.openqa.selenium.support.ui.Select.selectByVisibleText(Select.java:111)
	at JavaMavenTestNG.JavaMavenTestNG.LoanCalculatorTestClass.loanCalculatorTest(LoanCalculatorTestClass.java:81)
	at java.base/jdk.internal.reflect.NativeMethodAccessorImpl.invoke0(Native Method)
	at java.base/jdk.internal.reflect.NativeMethodAccessorImpl.invoke(NativeMethodAccessorImpl.java:62)
	at java.base/jdk.internal.reflect.DelegatingMethodAccessorImpl.invoke(DelegatingMethodAccessorImpl.java:43)
	at java.base/java.lang.reflect.Method.invoke(Method.java:566)
	at org.testng.internal.MethodInvocationHelper.invokeMethod(MethodInvocationHelper.java:133)
	at org.testng.internal.TestInvoker.invokeMethod(TestInvoker.java:598)
	at org.testng.internal.TestInvoker.invokeTestMethod(TestInvoker.java:173)
	at org.testng.internal.MethodRunner.runInSequence(MethodRunner.java:46)
	at org.testng.internal.TestInvoker$MethodInvocationAgent.invoke(TestInvoker.java:824)
	at org.testng.internal.TestInvoker.invokeTestMethods(TestInvoker.java:146)
	at org.testng.internal.TestMethodWorker.invokeTestMethods(TestMethodWorker.java:146)
	at org.testng.internal.TestMethodWorker.run(TestMethodWorker.java:128)
	at java.base/java.util.ArrayList.forEach(ArrayList.java:1540)
	at org.testng.TestRunner.privateRun(TestRunner.java:794)
	at org.testng.TestRunner.run(TestRunner.java:596)
	at org.testng.SuiteRunner.runTest(SuiteRunner.java:377)
	at org.testng.SuiteRunner.runSequentially(SuiteRunner.java:371)
	at org.testng.SuiteRunner.privateRun(SuiteRunner.java:332)
	at org.testng.SuiteRunner.run(SuiteRunner.java:276)
	at org.testng.SuiteRunnerWorker.runSuite(SuiteRunnerWorker.java:53)
	at org.testng.SuiteRunnerWorker.run(SuiteRunnerWorker.java:96)
	at org.testng.TestNG.runSuitesSequentially(TestNG.java:1212)
	at org.testng.TestNG.runSuitesLocally(TestNG.java:1134)
	at org.testng.TestNG.runSuites(TestNG.java:1063)
	at org.testng.TestNG.run(TestNG.java:1031)
	at org.testng.remote.AbstractRemoteTestNG.run(AbstractRemoteTestNG.java:115)
	at org.testng.remote.RemoteTestNG.initAndRun(RemoteTestNG.java:251)
	at org.testng.remote.RemoteTestNG.main(RemoteTestNG.java:77)
</pre></div><a href='#' onClick='toggleBox("stack-trace674882504", this, "Click to show all stack frames", "Click to hide stack frames")'>Click to show all stack frames</a>
<div class='stack-trace' id='stack-trace674882504'><pre>java.lang.UnsupportedOperationException: You may not select an option in disabled select
	at org.openqa.selenium.support.ui.Select.assertSelectIsEnabled(Select.java:327)
	at org.openqa.selenium.support.ui.Select.selectByVisibleText(Select.java:111)
	at JavaMavenTestNG.JavaMavenTestNG.LoanCalculatorTestClass.loanCalculatorTest(LoanCalculatorTestClass.java:81)
	at java.base/jdk.internal.reflect.NativeMethodAccessorImpl.invoke0(Native Method)
	at java.base/jdk.internal.reflect.NativeMethodAccessorImpl.invoke(NativeMethodAccessorImpl.java:62)
	at java.base/jdk.internal.reflect.DelegatingMethodAccessorImpl.invoke(DelegatingMethodAccessorImpl.java:43)
	at java.base/java.lang.reflect.Method.invoke(Method.java:566)
	at org.testng.internal.MethodInvocationHelper.invokeMethod(MethodInvocationHelper.java:133)
	at org.testng.internal.TestInvoker.invokeMethod(TestInvoker.java:598)
	at org.testng.internal.TestInvoker.invokeTestMethod(TestInvoker.java:173)
	at org.testng.internal.MethodRunner.runInSequence(MethodRunner.java:46)
	at org.testng.internal.TestInvoker$MethodInvocationAgent.invoke(TestInvoker.java:824)
	at org.testng.internal.TestInvoker.invokeTestMethods(TestInvoker.java:146)
	at org.testng.internal.TestMethodWorker.invokeTestMethods(TestMethodWorker.java:146)
	at org.testng.internal.TestMethodWorker.run(TestMethodWorker.java:128)
	at java.base/java.util.ArrayList.forEach(ArrayList.java:1540)
	at org.testng.TestRunner.privateRun(TestRunner.java:794)
	at org.testng.TestRunner.run(TestRunner.java:596)
	at org.testng.SuiteRunner.runTest(SuiteRunner.java:377)
	at org.testng.SuiteRunner.runSequentially(SuiteRunner.java:371)
	at org.testng.SuiteRunner.privateRun(SuiteRunner.java:332)
	at org.testng.SuiteRunner.run(SuiteRunner.java:276)
	at org.testng.SuiteRunnerWorker.runSuite(SuiteRunnerWorker.java:53)
	at org.testng.SuiteRunnerWorker.run(SuiteRunnerWorker.java:96)
	at org.testng.TestNG.runSuitesSequentially(TestNG.java:1212)
	at org.testng.TestNG.runSuitesLocally(TestNG.java:1134)
	at org.testng.TestNG.runSuites(TestNG.java:1063)
	at org.testng.TestNG.run(TestNG.java:1031)
	at org.testng.remote.AbstractRemoteTestNG.run(AbstractRemoteTestNG.java:115)
	at org.testng.remote.RemoteTestNG.initAndRun(RemoteTestNG.java:251)
	at org.testng.remote.RemoteTestNG.main(RemoteTestNG.java:77)
</pre></div></td>
<td>22</td>
<td>JavaMavenTestNG.JavaMavenTestNG.LoanCalculatorTestClass@36916eb0</td></tr>
<tr>
<td title='JavaMavenTestNG.JavaMavenTestNG.LoanCalculatorTestClass.loanCalculatorTest()'><b>loanCalculatorTest</b><br>Test class: JavaMavenTestNG.JavaMavenTestNG.LoanCalculatorTestClass<br>Test method: Owner: pv_test<br>Parameters: 53219.0, $6001-$7000, 36 months, 600-699 (Good)</td>
<td><div><pre>java.lang.UnsupportedOperationException: You may not select an option in disabled select
	at org.openqa.selenium.support.ui.Select.assertSelectIsEnabled(Select.java:327)
	at org.openqa.selenium.support.ui.Select.selectByVisibleText(Select.java:111)
	at JavaMavenTestNG.JavaMavenTestNG.LoanCalculatorTestClass.loanCalculatorTest(LoanCalculatorTestClass.java:81)
	at java.base/jdk.internal.reflect.NativeMethodAccessorImpl.invoke0(Native Method)
	at java.base/jdk.internal.reflect.NativeMethodAccessorImpl.invoke(NativeMethodAccessorImpl.java:62)
	at java.base/jdk.internal.reflect.DelegatingMethodAccessorImpl.invoke(DelegatingMethodAccessorImpl.java:43)
	at java.base/java.lang.reflect.Method.invoke(Method.java:566)
	at org.testng.internal.MethodInvocationHelper.invokeMethod(MethodInvocationHelper.java:133)
	at org.testng.internal.TestInvoker.invokeMethod(TestInvoker.java:598)
	at org.testng.internal.TestInvoker.invokeTestMethod(TestInvoker.java:173)
	at org.testng.internal.MethodRunner.runInSequence(MethodRunner.java:46)
	at org.testng.internal.TestInvoker$MethodInvocationAgent.invoke(TestInvoker.java:824)
	at org.testng.internal.TestInvoker.invokeTestMethods(TestInvoker.java:146)
	at org.testng.internal.TestMethodWorker.invokeTestMethods(TestMethodWorker.java:146)
	at org.testng.internal.TestMethodWorker.run(TestMethodWorker.java:128)
	at java.base/java.util.ArrayList.forEach(ArrayList.java:1540)
	at org.testng.TestRunner.privateRun(TestRunner.java:794)
	at org.testng.TestRunner.run(TestRunner.java:596)
	at org.testng.SuiteRunner.runTest(SuiteRunner.java:377)
	at org.testng.SuiteRunner.runSequentially(SuiteRunner.java:371)
	at org.testng.SuiteRunner.privateRun(SuiteRunner.java:332)
	at org.testng.SuiteRunner.run(SuiteRunner.java:276)
	at org.testng.SuiteRunnerWorker.runSuite(SuiteRunnerWorker.java:53)
	at org.testng.SuiteRunnerWorker.run(SuiteRunnerWorker.java:96)
	at org.testng.TestNG.runSuitesSequentially(TestNG.java:1212)
	at org.testng.TestNG.runSuitesLocally(TestNG.java:1134)
	at org.testng.TestNG.runSuites(TestNG.java:1063)
	at org.testng.TestNG.run(TestNG.java:1031)
	at org.testng.remote.AbstractRemoteTestNG.run(AbstractRemoteTestNG.java:115)
	at org.testng.remote.RemoteTestNG.initAndRun(RemoteTestNG.java:251)
	at org.testng.remote.RemoteTestNG.main(RemoteTestNG.java:77)
</pre></div><a href='#' onClick='toggleBox("stack-trace1287215032", this, "Click to show all stack frames", "Click to hide stack frames")'>Click to show all stack frames</a>
<div class='stack-trace' id='stack-trace1287215032'><pre>java.lang.UnsupportedOperationException: You may not select an option in disabled select
	at org.openqa.selenium.support.ui.Select.assertSelectIsEnabled(Select.java:327)
	at org.openqa.selenium.support.ui.Select.selectByVisibleText(Select.java:111)
	at JavaMavenTestNG.JavaMavenTestNG.LoanCalculatorTestClass.loanCalculatorTest(LoanCalculatorTestClass.java:81)
	at java.base/jdk.internal.reflect.NativeMethodAccessorImpl.invoke0(Native Method)
	at java.base/jdk.internal.reflect.NativeMethodAccessorImpl.invoke(NativeMethodAccessorImpl.java:62)
	at java.base/jdk.internal.reflect.DelegatingMethodAccessorImpl.invoke(DelegatingMethodAccessorImpl.java:43)
	at java.base/java.lang.reflect.Method.invoke(Method.java:566)
	at org.testng.internal.MethodInvocationHelper.invokeMethod(MethodInvocationHelper.java:133)
	at org.testng.internal.TestInvoker.invokeMethod(TestInvoker.java:598)
	at org.testng.internal.TestInvoker.invokeTestMethod(TestInvoker.java:173)
	at org.testng.internal.MethodRunner.runInSequence(MethodRunner.java:46)
	at org.testng.internal.TestInvoker$MethodInvocationAgent.invoke(TestInvoker.java:824)
	at org.testng.internal.TestInvoker.invokeTestMethods(TestInvoker.java:146)
	at org.testng.internal.TestMethodWorker.invokeTestMethods(TestMethodWorker.java:146)
	at org.testng.internal.TestMethodWorker.run(TestMethodWorker.java:128)
	at java.base/java.util.ArrayList.forEach(ArrayList.java:1540)
	at org.testng.TestRunner.privateRun(TestRunner.java:794)
	at org.testng.TestRunner.run(TestRunner.java:596)
	at org.testng.SuiteRunner.runTest(SuiteRunner.java:377)
	at org.testng.SuiteRunner.runSequentially(SuiteRunner.java:371)
	at org.testng.SuiteRunner.privateRun(SuiteRunner.java:332)
	at org.testng.SuiteRunner.run(SuiteRunner.java:276)
	at org.testng.SuiteRunnerWorker.runSuite(SuiteRunnerWorker.java:53)
	at org.testng.SuiteRunnerWorker.run(SuiteRunnerWorker.java:96)
	at org.testng.TestNG.runSuitesSequentially(TestNG.java:1212)
	at org.testng.TestNG.runSuitesLocally(TestNG.java:1134)
	at org.testng.TestNG.runSuites(TestNG.java:1063)
	at org.testng.TestNG.run(TestNG.java:1031)
	at org.testng.remote.AbstractRemoteTestNG.run(AbstractRemoteTestNG.java:115)
	at org.testng.remote.RemoteTestNG.initAndRun(RemoteTestNG.java:251)
	at org.testng.remote.RemoteTestNG.main(RemoteTestNG.java:77)
</pre></div></td>
<td>21</td>
<td>JavaMavenTestNG.JavaMavenTestNG.LoanCalculatorTestClass@36916eb0</td></tr>
<tr>
<td title='JavaMavenTestNG.JavaMavenTestNG.LoanCalculatorTestClass.loanCalculatorTest()'><b>loanCalculatorTest</b><br>Test class: JavaMavenTestNG.JavaMavenTestNG.LoanCalculatorTestClass<br>Test method: Owner: pv_test<br>Parameters: 43103.0, $9001-$10000, 36 months, 600-699 (Good)</td>
<td><div><pre>java.lang.UnsupportedOperationException: You may not select an option in disabled select
	at org.openqa.selenium.support.ui.Select.assertSelectIsEnabled(Select.java:327)
	at org.openqa.selenium.support.ui.Select.selectByVisibleText(Select.java:111)
	at JavaMavenTestNG.JavaMavenTestNG.LoanCalculatorTestClass.loanCalculatorTest(LoanCalculatorTestClass.java:81)
	at java.base/jdk.internal.reflect.NativeMethodAccessorImpl.invoke0(Native Method)
	at java.base/jdk.internal.reflect.NativeMethodAccessorImpl.invoke(NativeMethodAccessorImpl.java:62)
	at java.base/jdk.internal.reflect.DelegatingMethodAccessorImpl.invoke(DelegatingMethodAccessorImpl.java:43)
	at java.base/java.lang.reflect.Method.invoke(Method.java:566)
	at org.testng.internal.MethodInvocationHelper.invokeMethod(MethodInvocationHelper.java:133)
	at org.testng.internal.TestInvoker.invokeMethod(TestInvoker.java:598)
	at org.testng.internal.TestInvoker.invokeTestMethod(TestInvoker.java:173)
	at org.testng.internal.MethodRunner.runInSequence(MethodRunner.java:46)
	at org.testng.internal.TestInvoker$MethodInvocationAgent.invoke(TestInvoker.java:824)
	at org.testng.internal.TestInvoker.invokeTestMethods(TestInvoker.java:146)
	at org.testng.internal.TestMethodWorker.invokeTestMethods(TestMethodWorker.java:146)
	at org.testng.internal.TestMethodWorker.run(TestMethodWorker.java:128)
	at java.base/java.util.ArrayList.forEach(ArrayList.java:1540)
	at org.testng.TestRunner.privateRun(TestRunner.java:794)
	at org.testng.TestRunner.run(TestRunner.java:596)
	at org.testng.SuiteRunner.runTest(SuiteRunner.java:377)
	at org.testng.SuiteRunner.runSequentially(SuiteRunner.java:371)
	at org.testng.SuiteRunner.privateRun(SuiteRunner.java:332)
	at org.testng.SuiteRunner.run(SuiteRunner.java:276)
	at org.testng.SuiteRunnerWorker.runSuite(SuiteRunnerWorker.java:53)
	at org.testng.SuiteRunnerWorker.run(SuiteRunnerWorker.java:96)
	at org.testng.TestNG.runSuitesSequentially(TestNG.java:1212)
	at org.testng.TestNG.runSuitesLocally(TestNG.java:1134)
	at org.testng.TestNG.runSuites(TestNG.java:1063)
	at org.testng.TestNG.run(TestNG.java:1031)
	at org.testng.remote.AbstractRemoteTestNG.run(AbstractRemoteTestNG.java:115)
	at org.testng.remote.RemoteTestNG.initAndRun(RemoteTestNG.java:251)
	at org.testng.remote.RemoteTestNG.main(RemoteTestNG.java:77)
</pre></div><a href='#' onClick='toggleBox("stack-trace2140650516", this, "Click to show all stack frames", "Click to hide stack frames")'>Click to show all stack frames</a>
<div class='stack-trace' id='stack-trace2140650516'><pre>java.lang.UnsupportedOperationException: You may not select an option in disabled select
	at org.openqa.selenium.support.ui.Select.assertSelectIsEnabled(Select.java:327)
	at org.openqa.selenium.support.ui.Select.selectByVisibleText(Select.java:111)
	at JavaMavenTestNG.JavaMavenTestNG.LoanCalculatorTestClass.loanCalculatorTest(LoanCalculatorTestClass.java:81)
	at java.base/jdk.internal.reflect.NativeMethodAccessorImpl.invoke0(Native Method)
	at java.base/jdk.internal.reflect.NativeMethodAccessorImpl.invoke(NativeMethodAccessorImpl.java:62)
	at java.base/jdk.internal.reflect.DelegatingMethodAccessorImpl.invoke(DelegatingMethodAccessorImpl.java:43)
	at java.base/java.lang.reflect.Method.invoke(Method.java:566)
	at org.testng.internal.MethodInvocationHelper.invokeMethod(MethodInvocationHelper.java:133)
	at org.testng.internal.TestInvoker.invokeMethod(TestInvoker.java:598)
	at org.testng.internal.TestInvoker.invokeTestMethod(TestInvoker.java:173)
	at org.testng.internal.MethodRunner.runInSequence(MethodRunner.java:46)
	at org.testng.internal.TestInvoker$MethodInvocationAgent.invoke(TestInvoker.java:824)
	at org.testng.internal.TestInvoker.invokeTestMethods(TestInvoker.java:146)
	at org.testng.internal.TestMethodWorker.invokeTestMethods(TestMethodWorker.java:146)
	at org.testng.internal.TestMethodWorker.run(TestMethodWorker.java:128)
	at java.base/java.util.ArrayList.forEach(ArrayList.java:1540)
	at org.testng.TestRunner.privateRun(TestRunner.java:794)
	at org.testng.TestRunner.run(TestRunner.java:596)
	at org.testng.SuiteRunner.runTest(SuiteRunner.java:377)
	at org.testng.SuiteRunner.runSequentially(SuiteRunner.java:371)
	at org.testng.SuiteRunner.privateRun(SuiteRunner.java:332)
	at org.testng.SuiteRunner.run(SuiteRunner.java:276)
	at org.testng.SuiteRunnerWorker.runSuite(SuiteRunnerWorker.java:53)
	at org.testng.SuiteRunnerWorker.run(SuiteRunnerWorker.java:96)
	at org.testng.TestNG.runSuitesSequentially(TestNG.java:1212)
	at org.testng.TestNG.runSuitesLocally(TestNG.java:1134)
	at org.testng.TestNG.runSuites(TestNG.java:1063)
	at org.testng.TestNG.run(TestNG.java:1031)
	at org.testng.remote.AbstractRemoteTestNG.run(AbstractRemoteTestNG.java:115)
	at org.testng.remote.RemoteTestNG.initAndRun(RemoteTestNG.java:251)
	at org.testng.remote.RemoteTestNG.main(RemoteTestNG.java:77)
</pre></div></td>
<td>21</td>
<td>JavaMavenTestNG.JavaMavenTestNG.LoanCalculatorTestClass@36916eb0</td></tr>
<tr>
<td title='JavaMavenTestNG.JavaMavenTestNG.LoanCalculatorTestClass.loanCalculatorTest()'><b>loanCalculatorTest</b><br>Test class: JavaMavenTestNG.JavaMavenTestNG.LoanCalculatorTestClass<br>Test method: Owner: pv_test<br>Parameters: 27612.0, $3001-$4000, 36 months, 600-699 (Good)</td>
<td><div><pre>java.lang.UnsupportedOperationException: You may not select an option in disabled select
	at org.openqa.selenium.support.ui.Select.assertSelectIsEnabled(Select.java:327)
	at org.openqa.selenium.support.ui.Select.selectByVisibleText(Select.java:111)
	at JavaMavenTestNG.JavaMavenTestNG.LoanCalculatorTestClass.loanCalculatorTest(LoanCalculatorTestClass.java:81)
	at java.base/jdk.internal.reflect.NativeMethodAccessorImpl.invoke0(Native Method)
	at java.base/jdk.internal.reflect.NativeMethodAccessorImpl.invoke(NativeMethodAccessorImpl.java:62)
	at java.base/jdk.internal.reflect.DelegatingMethodAccessorImpl.invoke(DelegatingMethodAccessorImpl.java:43)
	at java.base/java.lang.reflect.Method.invoke(Method.java:566)
	at org.testng.internal.MethodInvocationHelper.invokeMethod(MethodInvocationHelper.java:133)
	at org.testng.internal.TestInvoker.invokeMethod(TestInvoker.java:598)
	at org.testng.internal.TestInvoker.invokeTestMethod(TestInvoker.java:173)
	at org.testng.internal.MethodRunner.runInSequence(MethodRunner.java:46)
	at org.testng.internal.TestInvoker$MethodInvocationAgent.invoke(TestInvoker.java:824)
	at org.testng.internal.TestInvoker.invokeTestMethods(TestInvoker.java:146)
	at org.testng.internal.TestMethodWorker.invokeTestMethods(TestMethodWorker.java:146)
	at org.testng.internal.TestMethodWorker.run(TestMethodWorker.java:128)
	at java.base/java.util.ArrayList.forEach(ArrayList.java:1540)
	at org.testng.TestRunner.privateRun(TestRunner.java:794)
	at org.testng.TestRunner.run(TestRunner.java:596)
	at org.testng.SuiteRunner.runTest(SuiteRunner.java:377)
	at org.testng.SuiteRunner.runSequentially(SuiteRunner.java:371)
	at org.testng.SuiteRunner.privateRun(SuiteRunner.java:332)
	at org.testng.SuiteRunner.run(SuiteRunner.java:276)
	at org.testng.SuiteRunnerWorker.runSuite(SuiteRunnerWorker.java:53)
	at org.testng.SuiteRunnerWorker.run(SuiteRunnerWorker.java:96)
	at org.testng.TestNG.runSuitesSequentially(TestNG.java:1212)
	at org.testng.TestNG.runSuitesLocally(TestNG.java:1134)
	at org.testng.TestNG.runSuites(TestNG.java:1063)
	at org.testng.TestNG.run(TestNG.java:1031)
	at org.testng.remote.AbstractRemoteTestNG.run(AbstractRemoteTestNG.java:115)
	at org.testng.remote.RemoteTestNG.initAndRun(RemoteTestNG.java:251)
	at org.testng.remote.RemoteTestNG.main(RemoteTestNG.java:77)
</pre></div><a href='#' onClick='toggleBox("stack-trace187150864", this, "Click to show all stack frames", "Click to hide stack frames")'>Click to show all stack frames</a>
<div class='stack-trace' id='stack-trace187150864'><pre>java.lang.UnsupportedOperationException: You may not select an option in disabled select
	at org.openqa.selenium.support.ui.Select.assertSelectIsEnabled(Select.java:327)
	at org.openqa.selenium.support.ui.Select.selectByVisibleText(Select.java:111)
	at JavaMavenTestNG.JavaMavenTestNG.LoanCalculatorTestClass.loanCalculatorTest(LoanCalculatorTestClass.java:81)
	at java.base/jdk.internal.reflect.NativeMethodAccessorImpl.invoke0(Native Method)
	at java.base/jdk.internal.reflect.NativeMethodAccessorImpl.invoke(NativeMethodAccessorImpl.java:62)
	at java.base/jdk.internal.reflect.DelegatingMethodAccessorImpl.invoke(DelegatingMethodAccessorImpl.java:43)
	at java.base/java.lang.reflect.Method.invoke(Method.java:566)
	at org.testng.internal.MethodInvocationHelper.invokeMethod(MethodInvocationHelper.java:133)
	at org.testng.internal.TestInvoker.invokeMethod(TestInvoker.java:598)
	at org.testng.internal.TestInvoker.invokeTestMethod(TestInvoker.java:173)
	at org.testng.internal.MethodRunner.runInSequence(MethodRunner.java:46)
	at org.testng.internal.TestInvoker$MethodInvocationAgent.invoke(TestInvoker.java:824)
	at org.testng.internal.TestInvoker.invokeTestMethods(TestInvoker.java:146)
	at org.testng.internal.TestMethodWorker.invokeTestMethods(TestMethodWorker.java:146)
	at org.testng.internal.TestMethodWorker.run(TestMethodWorker.java:128)
	at java.base/java.util.ArrayList.forEach(ArrayList.java:1540)
	at org.testng.TestRunner.privateRun(TestRunner.java:794)
	at org.testng.TestRunner.run(TestRunner.java:596)
	at org.testng.SuiteRunner.runTest(SuiteRunner.java:377)
	at org.testng.SuiteRunner.runSequentially(SuiteRunner.java:371)
	at org.testng.SuiteRunner.privateRun(SuiteRunner.java:332)
	at org.testng.SuiteRunner.run(SuiteRunner.java:276)
	at org.testng.SuiteRunnerWorker.runSuite(SuiteRunnerWorker.java:53)
	at org.testng.SuiteRunnerWorker.run(SuiteRunnerWorker.java:96)
	at org.testng.TestNG.runSuitesSequentially(TestNG.java:1212)
	at org.testng.TestNG.runSuitesLocally(TestNG.java:1134)
	at org.testng.TestNG.runSuites(TestNG.java:1063)
	at org.testng.TestNG.run(TestNG.java:1031)
	at org.testng.remote.AbstractRemoteTestNG.run(AbstractRemoteTestNG.java:115)
	at org.testng.remote.RemoteTestNG.initAndRun(RemoteTestNG.java:251)
	at org.testng.remote.RemoteTestNG.main(RemoteTestNG.java:77)
</pre></div></td>
<td>22</td>
<td>JavaMavenTestNG.JavaMavenTestNG.LoanCalculatorTestClass@36916eb0</td></tr>
<tr>
<td title='JavaMavenTestNG.JavaMavenTestNG.LoanCalculatorTestClass.loanCalculatorTest()'><b>loanCalculatorTest</b><br>Test class: JavaMavenTestNG.JavaMavenTestNG.LoanCalculatorTestClass<br>Test method: Owner: pv_test<br>Parameters: 32309.0, $8001-$9000, 36 months, 500-599 (Fair)</td>
<td><div><pre>java.lang.UnsupportedOperationException: You may not select an option in disabled select
	at org.openqa.selenium.support.ui.Select.assertSelectIsEnabled(Select.java:327)
	at org.openqa.selenium.support.ui.Select.selectByVisibleText(Select.java:111)
	at JavaMavenTestNG.JavaMavenTestNG.LoanCalculatorTestClass.loanCalculatorTest(LoanCalculatorTestClass.java:81)
	at java.base/jdk.internal.reflect.NativeMethodAccessorImpl.invoke0(Native Method)
	at java.base/jdk.internal.reflect.NativeMethodAccessorImpl.invoke(NativeMethodAccessorImpl.java:62)
	at java.base/jdk.internal.reflect.DelegatingMethodAccessorImpl.invoke(DelegatingMethodAccessorImpl.java:43)
	at java.base/java.lang.reflect.Method.invoke(Method.java:566)
	at org.testng.internal.MethodInvocationHelper.invokeMethod(MethodInvocationHelper.java:133)
	at org.testng.internal.TestInvoker.invokeMethod(TestInvoker.java:598)
	at org.testng.internal.TestInvoker.invokeTestMethod(TestInvoker.java:173)
	at org.testng.internal.MethodRunner.runInSequence(MethodRunner.java:46)
	at org.testng.internal.TestInvoker$MethodInvocationAgent.invoke(TestInvoker.java:824)
	at org.testng.internal.TestInvoker.invokeTestMethods(TestInvoker.java:146)
	at org.testng.internal.TestMethodWorker.invokeTestMethods(TestMethodWorker.java:146)
	at org.testng.internal.TestMethodWorker.run(TestMethodWorker.java:128)
	at java.base/java.util.ArrayList.forEach(ArrayList.java:1540)
	at org.testng.TestRunner.privateRun(TestRunner.java:794)
	at org.testng.TestRunner.run(TestRunner.java:596)
	at org.testng.SuiteRunner.runTest(SuiteRunner.java:377)
	at org.testng.SuiteRunner.runSequentially(SuiteRunner.java:371)
	at org.testng.SuiteRunner.privateRun(SuiteRunner.java:332)
	at org.testng.SuiteRunner.run(SuiteRunner.java:276)
	at org.testng.SuiteRunnerWorker.runSuite(SuiteRunnerWorker.java:53)
	at org.testng.SuiteRunnerWorker.run(SuiteRunnerWorker.java:96)
	at org.testng.TestNG.runSuitesSequentially(TestNG.java:1212)
	at org.testng.TestNG.runSuitesLocally(TestNG.java:1134)
	at org.testng.TestNG.runSuites(TestNG.java:1063)
	at org.testng.TestNG.run(TestNG.java:1031)
	at org.testng.remote.AbstractRemoteTestNG.run(AbstractRemoteTestNG.java:115)
	at org.testng.remote.RemoteTestNG.initAndRun(RemoteTestNG.java:251)
	at org.testng.remote.RemoteTestNG.main(RemoteTestNG.java:77)
</pre></div><a href='#' onClick='toggleBox("stack-trace1263972401", this, "Click to show all stack frames", "Click to hide stack frames")'>Click to show all stack frames</a>
<div class='stack-trace' id='stack-trace1263972401'><pre>java.lang.UnsupportedOperationException: You may not select an option in disabled select
	at org.openqa.selenium.support.ui.Select.assertSelectIsEnabled(Select.java:327)
	at org.openqa.selenium.support.ui.Select.selectByVisibleText(Select.java:111)
	at JavaMavenTestNG.JavaMavenTestNG.LoanCalculatorTestClass.loanCalculatorTest(LoanCalculatorTestClass.java:81)
	at java.base/jdk.internal.reflect.NativeMethodAccessorImpl.invoke0(Native Method)
	at java.base/jdk.internal.reflect.NativeMethodAccessorImpl.invoke(NativeMethodAccessorImpl.java:62)
	at java.base/jdk.internal.reflect.DelegatingMethodAccessorImpl.invoke(DelegatingMethodAccessorImpl.java:43)
	at java.base/java.lang.reflect.Method.invoke(Method.java:566)
	at org.testng.internal.MethodInvocationHelper.invokeMethod(MethodInvocationHelper.java:133)
	at org.testng.internal.TestInvoker.invokeMethod(TestInvoker.java:598)
	at org.testng.internal.TestInvoker.invokeTestMethod(TestInvoker.java:173)
	at org.testng.internal.MethodRunner.runInSequence(MethodRunner.java:46)
	at org.testng.internal.TestInvoker$MethodInvocationAgent.invoke(TestInvoker.java:824)
	at org.testng.internal.TestInvoker.invokeTestMethods(TestInvoker.java:146)
	at org.testng.internal.TestMethodWorker.invokeTestMethods(TestMethodWorker.java:146)
	at org.testng.internal.TestMethodWorker.run(TestMethodWorker.java:128)
	at java.base/java.util.ArrayList.forEach(ArrayList.java:1540)
	at org.testng.TestRunner.privateRun(TestRunner.java:794)
	at org.testng.TestRunner.run(TestRunner.java:596)
	at org.testng.SuiteRunner.runTest(SuiteRunner.java:377)
	at org.testng.SuiteRunner.runSequentially(SuiteRunner.java:371)
	at org.testng.SuiteRunner.privateRun(SuiteRunner.java:332)
	at org.testng.SuiteRunner.run(SuiteRunner.java:276)
	at org.testng.SuiteRunnerWorker.runSuite(SuiteRunnerWorker.java:53)
	at org.testng.SuiteRunnerWorker.run(SuiteRunnerWorker.java:96)
	at org.testng.TestNG.runSuitesSequentially(TestNG.java:1212)
	at org.testng.TestNG.runSuitesLocally(TestNG.java:1134)
	at org.testng.TestNG.runSuites(TestNG.java:1063)
	at org.testng.TestNG.run(TestNG.java:1031)
	at org.testng.remote.AbstractRemoteTestNG.run(AbstractRemoteTestNG.java:115)
	at org.testng.remote.RemoteTestNG.initAndRun(RemoteTestNG.java:251)
	at org.testng.remote.RemoteTestNG.main(RemoteTestNG.java:77)
</pre></div></td>
<td>21</td>
<td>JavaMavenTestNG.JavaMavenTestNG.LoanCalculatorTestClass@36916eb0</td></tr>
<tr>
<td title='JavaMavenTestNG.JavaMavenTestNG.LoanCalculatorTestClass.loanCalculatorTest()'><b>loanCalculatorTest</b><br>Test class: JavaMavenTestNG.JavaMavenTestNG.LoanCalculatorTestClass<br>Test method: Owner: pv_test<br>Parameters: 47731.0, $4001-$5000, 30 months, 700+ (Great)</td>
<td><div><pre>java.lang.UnsupportedOperationException: You may not select an option in disabled select
	at org.openqa.selenium.support.ui.Select.assertSelectIsEnabled(Select.java:327)
	at org.openqa.selenium.support.ui.Select.selectByVisibleText(Select.java:111)
	at JavaMavenTestNG.JavaMavenTestNG.LoanCalculatorTestClass.loanCalculatorTest(LoanCalculatorTestClass.java:81)
	at java.base/jdk.internal.reflect.NativeMethodAccessorImpl.invoke0(Native Method)
	at java.base/jdk.internal.reflect.NativeMethodAccessorImpl.invoke(NativeMethodAccessorImpl.java:62)
	at java.base/jdk.internal.reflect.DelegatingMethodAccessorImpl.invoke(DelegatingMethodAccessorImpl.java:43)
	at java.base/java.lang.reflect.Method.invoke(Method.java:566)
	at org.testng.internal.MethodInvocationHelper.invokeMethod(MethodInvocationHelper.java:133)
	at org.testng.internal.TestInvoker.invokeMethod(TestInvoker.java:598)
	at org.testng.internal.TestInvoker.invokeTestMethod(TestInvoker.java:173)
	at org.testng.internal.MethodRunner.runInSequence(MethodRunner.java:46)
	at org.testng.internal.TestInvoker$MethodInvocationAgent.invoke(TestInvoker.java:824)
	at org.testng.internal.TestInvoker.invokeTestMethods(TestInvoker.java:146)
	at org.testng.internal.TestMethodWorker.invokeTestMethods(TestMethodWorker.java:146)
	at org.testng.internal.TestMethodWorker.run(TestMethodWorker.java:128)
	at java.base/java.util.ArrayList.forEach(ArrayList.java:1540)
	at org.testng.TestRunner.privateRun(TestRunner.java:794)
	at org.testng.TestRunner.run(TestRunner.java:596)
	at org.testng.SuiteRunner.runTest(SuiteRunner.java:377)
	at org.testng.SuiteRunner.runSequentially(SuiteRunner.java:371)
	at org.testng.SuiteRunner.privateRun(SuiteRunner.java:332)
	at org.testng.SuiteRunner.run(SuiteRunner.java:276)
	at org.testng.SuiteRunnerWorker.runSuite(SuiteRunnerWorker.java:53)
	at org.testng.SuiteRunnerWorker.run(SuiteRunnerWorker.java:96)
	at org.testng.TestNG.runSuitesSequentially(TestNG.java:1212)
	at org.testng.TestNG.runSuitesLocally(TestNG.java:1134)
	at org.testng.TestNG.runSuites(TestNG.java:1063)
	at org.testng.TestNG.run(TestNG.java:1031)
	at org.testng.remote.AbstractRemoteTestNG.run(AbstractRemoteTestNG.java:115)
	at org.testng.remote.RemoteTestNG.initAndRun(RemoteTestNG.java:251)
	at org.testng.remote.RemoteTestNG.main(RemoteTestNG.java:77)
</pre></div><a href='#' onClick='toggleBox("stack-trace2133998394", this, "Click to show all stack frames", "Click to hide stack frames")'>Click to show all stack frames</a>
<div class='stack-trace' id='stack-trace2133998394'><pre>java.lang.UnsupportedOperationException: You may not select an option in disabled select
	at org.openqa.selenium.support.ui.Select.assertSelectIsEnabled(Select.java:327)
	at org.openqa.selenium.support.ui.Select.selectByVisibleText(Select.java:111)
	at JavaMavenTestNG.JavaMavenTestNG.LoanCalculatorTestClass.loanCalculatorTest(LoanCalculatorTestClass.java:81)
	at java.base/jdk.internal.reflect.NativeMethodAccessorImpl.invoke0(Native Method)
	at java.base/jdk.internal.reflect.NativeMethodAccessorImpl.invoke(NativeMethodAccessorImpl.java:62)
	at java.base/jdk.internal.reflect.DelegatingMethodAccessorImpl.invoke(DelegatingMethodAccessorImpl.java:43)
	at java.base/java.lang.reflect.Method.invoke(Method.java:566)
	at org.testng.internal.MethodInvocationHelper.invokeMethod(MethodInvocationHelper.java:133)
	at org.testng.internal.TestInvoker.invokeMethod(TestInvoker.java:598)
	at org.testng.internal.TestInvoker.invokeTestMethod(TestInvoker.java:173)
	at org.testng.internal.MethodRunner.runInSequence(MethodRunner.java:46)
	at org.testng.internal.TestInvoker$MethodInvocationAgent.invoke(TestInvoker.java:824)
	at org.testng.internal.TestInvoker.invokeTestMethods(TestInvoker.java:146)
	at org.testng.internal.TestMethodWorker.invokeTestMethods(TestMethodWorker.java:146)
	at org.testng.internal.TestMethodWorker.run(TestMethodWorker.java:128)
	at java.base/java.util.ArrayList.forEach(ArrayList.java:1540)
	at org.testng.TestRunner.privateRun(TestRunner.java:794)
	at org.testng.TestRunner.run(TestRunner.java:596)
	at org.testng.SuiteRunner.runTest(SuiteRunner.java:377)
	at org.testng.SuiteRunner.runSequentially(SuiteRunner.java:371)
	at org.testng.SuiteRunner.privateRun(SuiteRunner.java:332)
	at org.testng.SuiteRunner.run(SuiteRunner.java:276)
	at org.testng.SuiteRunnerWorker.runSuite(SuiteRunnerWorker.java:53)
	at org.testng.SuiteRunnerWorker.run(SuiteRunnerWorker.java:96)
	at org.testng.TestNG.runSuitesSequentially(TestNG.java:1212)
	at org.testng.TestNG.runSuitesLocally(TestNG.java:1134)
	at org.testng.TestNG.runSuites(TestNG.java:1063)
	at org.testng.TestNG.run(TestNG.java:1031)
	at org.testng.remote.AbstractRemoteTestNG.run(AbstractRemoteTestNG.java:115)
	at org.testng.remote.RemoteTestNG.initAndRun(RemoteTestNG.java:251)
	at org.testng.remote.RemoteTestNG.main(RemoteTestNG.java:77)
</pre></div></td>
<td>22</td>
<td>JavaMavenTestNG.JavaMavenTestNG.LoanCalculatorTestClass@36916eb0</td></tr>
</table><p>
<table width='100%' border='1' class='invocation-passed'>
<tr><td colspan='4' align='center'><b>PASSED TESTS</b></td></tr>
<tr><td><b>Test method</b></td>
<td width="30%"><b>Exception</b></td>
<td width="10%"><b>Time (seconds)</b></td>
<td><b>Instance</b></td>
</tr>
<tr>
<td title='JavaMavenTestNG.JavaMavenTestNG.LoanCalculatorTestClass.loanCalculatorTest()'><b>loanCalculatorTest</b><br>Test class: JavaMavenTestNG.JavaMavenTestNG.LoanCalculatorTestClass<br>Test method: Owner: pv_test<br>Parameters: 30076.0, $3001-$4000, 24 months, 700+ (Great)<br/>
<a href="#Output-1168076863" onClick='toggleBox("Output-1168076863", this, "Show output", "Hide output");'>Show output</a>

<a href="#Output-1168076863" onClick="toggleAllBoxes();">Show all outputs</a>
<div class='log' id="Output-1168076863">
if - REPORTER - ASSERT TRUE CHECK-->	true<br><br/>
LOAN CALCULATOR TEST GOT COMPLETED<br><br/>
</div>
</td>
<td></td>
<td>31</td>
<td>JavaMavenTestNG.JavaMavenTestNG.LoanCalculatorTestClass@36916eb0</td></tr>
<tr>
<td title='JavaMavenTestNG.JavaMavenTestNG.LoanCalculatorTestClass.loanCalculatorTest()'><b>loanCalculatorTest</b><br>Test class: JavaMavenTestNG.JavaMavenTestNG.LoanCalculatorTestClass<br>Test method: Owner: pv_test<br>Parameters: 29621.0, $2001-$3000, 36 months, 500-599 (Fair)<br/>
<a href="#Output-427226423" onClick='toggleBox("Output-427226423", this, "Show output", "Hide output");'>Show output</a>

<a href="#Output-427226423" onClick="toggleAllBoxes();">Show all outputs</a>
<div class='log' id="Output-427226423">
if - REPORTER - ASSERT TRUE CHECK-->	true<br><br/>
LOAN CALCULATOR TEST GOT COMPLETED<br><br/>
</div>
</td>
<td></td>
<td>35</td>
<td>JavaMavenTestNG.JavaMavenTestNG.LoanCalculatorTestClass@36916eb0</td></tr>
<tr>
<td title='JavaMavenTestNG.JavaMavenTestNG.LoanCalculatorTestClass.loanCalculatorTest()'><b>loanCalculatorTest</b><br>Test class: JavaMavenTestNG.JavaMavenTestNG.LoanCalculatorTestClass<br>Test method: Owner: pv_test<br>Parameters: 70816.0, $2001-$3000, 36 months, 600-699 (Good)<br/>
<a href="#Output-2013613908" onClick='toggleBox("Output-2013613908", this, "Show output", "Hide output");'>Show output</a>

<a href="#Output-2013613908" onClick="toggleAllBoxes();">Show all outputs</a>
<div class='log' id="Output-2013613908">
if - REPORTER - ASSERT TRUE CHECK-->	true<br><br/>
LOAN CALCULATOR TEST GOT COMPLETED<br><br/>
</div>
</td>
<td></td>
<td>32</td>
<td>JavaMavenTestNG.JavaMavenTestNG.LoanCalculatorTestClass@36916eb0</td></tr>
<tr>
<td title='JavaMavenTestNG.JavaMavenTestNG.LoanCalculatorTestClass.loanCalculatorTest()'><b>loanCalculatorTest</b><br>Test class: JavaMavenTestNG.JavaMavenTestNG.LoanCalculatorTestClass<br>Test method: Owner: pv_test<br>Parameters: 35071.0, $2001-$3000, 30 months, 500-599 (Fair)<br/>
<a href="#Output-492045670" onClick='toggleBox("Output-492045670", this, "Show output", "Hide output");'>Show output</a>

<a href="#Output-492045670" onClick="toggleAllBoxes();">Show all outputs</a>
<div class='log' id="Output-492045670">
if - REPORTER - ASSERT TRUE CHECK-->	true<br><br/>
LOAN CALCULATOR TEST GOT COMPLETED<br><br/>
</div>
</td>
<td></td>
<td>32</td>
<td>JavaMavenTestNG.JavaMavenTestNG.LoanCalculatorTestClass@36916eb0</td></tr>
<tr>
<td title='JavaMavenTestNG.JavaMavenTestNG.LoanCalculatorTestClass.loanCalculatorTest()'><b>loanCalculatorTest</b><br>Test class: JavaMavenTestNG.JavaMavenTestNG.LoanCalculatorTestClass<br>Test method: Owner: pv_test<br>Parameters: 42001.0, $2001-$3000, 36 months, 700+ (Great)<br/>
<a href="#Output-828831332" onClick='toggleBox("Output-828831332", this, "Show output", "Hide output");'>Show output</a>

<a href="#Output-828831332" onClick="toggleAllBoxes();">Show all outputs</a>
<div class='log' id="Output-828831332">
if - REPORTER - ASSERT TRUE CHECK-->	true<br><br/>
LOAN CALCULATOR TEST GOT COMPLETED<br><br/>
</div>
</td>
<td></td>
<td>31</td>
<td>JavaMavenTestNG.JavaMavenTestNG.LoanCalculatorTestClass@36916eb0</td></tr>
<tr>
<td title='JavaMavenTestNG.JavaMavenTestNG.LoanCalculatorTestClass.loanCalculatorTest()'><b>loanCalculatorTest</b><br>Test class: JavaMavenTestNG.JavaMavenTestNG.LoanCalculatorTestClass<br>Test method: Owner: pv_test<br>Parameters: 75287.0, $2001-$3000, 24 months, 700+ (Great)<br/>
<a href="#Output-1573719263" onClick='toggleBox("Output-1573719263", this, "Show output", "Hide output");'>Show output</a>

<a href="#Output-1573719263" onClick="toggleAllBoxes();">Show all outputs</a>
<div class='log' id="Output-1573719263">
if - REPORTER - ASSERT TRUE CHECK-->	true<br><br/>
LOAN CALCULATOR TEST GOT COMPLETED<br><br/>
</div>
</td>
<td></td>
<td>31</td>
<td>JavaMavenTestNG.JavaMavenTestNG.LoanCalculatorTestClass@36916eb0</td></tr>
<tr>
<td title='JavaMavenTestNG.JavaMavenTestNG.LoanCalculatorTestClass.loanCalculatorTest()'><b>loanCalculatorTest</b><br>Test class: JavaMavenTestNG.JavaMavenTestNG.LoanCalculatorTestClass<br>Test method: Owner: pv_test<br>Parameters: 38305.0, $2001-$3000, 24 months, 600-699 (Good)<br/>
<a href="#Output-609438896" onClick='toggleBox("Output-609438896", this, "Show output", "Hide output");'>Show output</a>

<a href="#Output-609438896" onClick="toggleAllBoxes();">Show all outputs</a>
<div class='log' id="Output-609438896">
if - REPORTER - ASSERT TRUE CHECK-->	true<br><br/>
LOAN CALCULATOR TEST GOT COMPLETED<br><br/>
</div>
</td>
<td></td>
<td>31</td>
<td>JavaMavenTestNG.JavaMavenTestNG.LoanCalculatorTestClass@36916eb0</td></tr>
<tr>
<td title='JavaMavenTestNG.JavaMavenTestNG.LoanCalculatorTestClass.loanCalculatorTest()'><b>loanCalculatorTest</b><br>Test class: JavaMavenTestNG.JavaMavenTestNG.LoanCalculatorTestClass<br>Test method: Owner: pv_test<br>Parameters: 23224.0, $7001-$8000, 36 months, 700+ (Great)<br/>
<a href="#Output-1756435781" onClick='toggleBox("Output-1756435781", this, "Show output", "Hide output");'>Show output</a>

<a href="#Output-1756435781" onClick="toggleAllBoxes();">Show all outputs</a>
<div class='log' id="Output-1756435781">
if - REPORTER - ASSERT TRUE CHECK-->	true<br><br/>
LOAN CALCULATOR TEST GOT COMPLETED<br><br/>
</div>
</td>
<td></td>
<td>31</td>
<td>JavaMavenTestNG.JavaMavenTestNG.LoanCalculatorTestClass@36916eb0</td></tr>
<tr>
<td title='JavaMavenTestNG.JavaMavenTestNG.LoanCalculatorTestClass.loanCalculatorTest()'><b>loanCalculatorTest</b><br>Test class: JavaMavenTestNG.JavaMavenTestNG.LoanCalculatorTestClass<br>Test method: Owner: pv_test<br>Parameters: 38930.0, $2001-$3000, 24 months, 500-599 (Fair)<br/>
<a href="#Output-1428664849" onClick='toggleBox("Output-1428664849", this, "Show output", "Hide output");'>Show output</a>

<a href="#Output-1428664849" onClick="toggleAllBoxes();">Show all outputs</a>
<div class='log' id="Output-1428664849">
if - REPORTER - ASSERT TRUE CHECK-->	true<br><br/>
LOAN CALCULATOR TEST GOT COMPLETED<br><br/>
</div>
</td>
<td></td>
<td>32</td>
<td>JavaMavenTestNG.JavaMavenTestNG.LoanCalculatorTestClass@36916eb0</td></tr>
<tr>
<td title='JavaMavenTestNG.JavaMavenTestNG.LoanCalculatorTestClass.loanCalculatorTest()'><b>loanCalculatorTest</b><br>Test class: JavaMavenTestNG.JavaMavenTestNG.LoanCalculatorTestClass<br>Test method: Owner: pv_test<br>Parameters: 63011.0, $2001-$3000, 30 months, 700+ (Great)<br/>
<a href="#Output-1829287142" onClick='toggleBox("Output-1829287142", this, "Show output", "Hide output");'>Show output</a>

<a href="#Output-1829287142" onClick="toggleAllBoxes();">Show all outputs</a>
<div class='log' id="Output-1829287142">
if - REPORTER - ASSERT TRUE CHECK-->	true<br><br/>
LOAN CALCULATOR TEST GOT COMPLETED<br><br/>
</div>
</td>
<td></td>
<td>31</td>
<td>JavaMavenTestNG.JavaMavenTestNG.LoanCalculatorTestClass@36916eb0</td></tr>
</table><p>
</body>
</html>