<!DOCTYPE html PUBLIC "-//W3C//DTD XHTML 1.1//EN" "https://www.w3.org/TR/xhtml11/DTD/xhtml11.dtd">
<html xmlns="https://www.w3.org/1999/xhtml">
<head>
<meta http-equiv="content-type" content="text/html; charset=UTF-8"/>
<title>TestNG Report</title>
<style type="text/css">table {margin-bottom:10px;border-collapse:collapse;empty-cells:show}th,td {border:1px solid #009;padding:.25em .5em}th {vertical-align:bottom}td {vertical-align:top}table a {font-weight:bold}.stripe td {background-color: #E6EBF9}.num {text-align:right}.passedodd td {background-color: #3F3}.passedeven td {background-color: #0A0}.skippedodd td {background-color: #DDD}.skippedeven td {background-color: #CCC}.failedodd td,.attn {background-color: #F33}.failedeven td,.stripe .attn {background-color: #D00}.stacktrace {white-space:pre;font-family:monospace}.totop {font-size:85%;text-align:center;border-bottom:2px solid #000}.invisible {display:none}</style>
</head>
<body>
<table>
<tr><th>Test</th><th># Passed</th><th># Skipped</th><th># Retried</th><th># Failed</th><th>Time (ms)</th><th>Included Groups</th><th>Excluded Groups</th></tr>
<tr><th colspan="8">Default suite</th></tr>
<tr><td><a href="#t0">Default test</a></td><td class="num">10</td><td class="num">0</td><td class="num">0</td><td class="num attn">6</td><td class="num">463,151</td><td></td><td></td></tr>
</table>
<table id='summary'><thead><tr><th>Class</th><th>Method</th><th>Start</th><th>Time (ms)</th></tr></thead><tbody><tr><th colspan="4">Default suite</th></tr></tbody><tbody id="t0"><tr><th colspan="4">Default test &#8212; failed</th></tr><tr class="failedeven"><td rowspan="6">JavaMavenTestNG.JavaMavenTestNG.LoanCalculatorTestClass</td><td><a href="#m0">loanCalculatorTest</a></td><td rowspan="6">1738612718053</td><td rowspan="6">22181</td></tr><tr class="failedeven"><td><a href="#m1">loanCalculatorTest</a></td></tr><tr class="failedeven"><td><a href="#m2">loanCalculatorTest</a></td></tr><tr class="failedeven"><td><a href="#m3">loanCalculatorTest</a></td></tr><tr class="failedeven"><td><a href="#m4">loanCalculatorTest</a></td></tr><tr class="failedeven"><td><a href="#m5">loanCalculatorTest</a></td></tr><tr><th colspan="4">Default test &#8212; passed</th></tr><tr class="passedeven"><td rowspan="10">JavaMavenTestNG.JavaMavenTestNG.LoanCalculatorTestClass</td><td><a href="#m6">loanCalculatorTest</a></td><td rowspan="10">1738612316768</td><td rowspan="10">32187</td></tr><tr class="passedeven"><td><a href="#m7">loanCalculatorTest</a></td></tr><tr class="passedeven"><td><a href="#m8">loanCalculatorTest</a></td></tr><tr class="passedeven"><td><a href="#m9">loanCalculatorTest</a></td></tr><tr class="passedeven"><td><a href="#m10">loanCalculatorTest</a></td></tr><tr class="passedeven"><td><a href="#m11">loanCalculatorTest</a></td></tr><tr class="passedeven"><td><a href="#m12">loanCalculatorTest</a></td></tr><tr class="passedeven"><td><a href="#m13">loanCalculatorTest</a></td></tr><tr class="passedeven"><td><a href="#m14">loanCalculatorTest</a></td></tr><tr class="passedeven"><td><a href="#m15">loanCalculatorTest</a></td></tr></tbody>
</table>
<h2>Default test</h2><h3 id="m0">JavaMavenTestNG.JavaMavenTestNG.LoanCalculatorTestClass#loanCalculatorTest</h3><table class="result"><tr class="param"><th>Parameter #1</th><th>Parameter #2</th><th>Parameter #3</th><th>Parameter #4</th></tr><tr class="param stripe"><td>43103.0</td><td>$9001-$10000</td><td>36 months</td><td>600-699 (Good)</td></tr><tr><th colspan="4">Exception</th></tr><tr><td colspan="4"><div class="stacktrace">java.lang.UnsupportedOperationException: You may not select an option in disabled select
	at org.openqa.selenium.support.ui.Select.assertSelectIsEnabled(Select.java:327)
	at org.openqa.selenium.support.ui.Select.selectByVisibleText(Select.java:111)
	at JavaMavenTestNG.JavaMavenTestNG.LoanCalculatorTestClass.loanCalculatorTest(LoanCalculatorTestClass.java:81)
	at java.base/jdk.internal.reflect.NativeMethodAccessorImpl.invoke0(Native Method)
	at java.base/jdk.internal.reflect.NativeMethodAccessorImpl.invoke(NativeMethodAccessorImpl.java:62)
	at java.base/jdk.internal.reflect.DelegatingMethodAccessorImpl.invoke(DelegatingMethodAccessorImpl.java:43)
	at java.base/java.lang.reflect.Method.invoke(Method.java:566)
	at org.testng.internal.MethodInvocationHelper.invokeMethod(MethodInvocationHelper.java:133)
	at org.testng.internal.TestInvoker.invokeMethod(TestInvoker.java:598)
	at org.testng.internal.TestInvoker.invokeTestMethod(TestInvoker.java:173)
	at org.testng.internal.MethodRunner.runInSequence(MethodRunner.java:46)
	at org.testng.internal.TestInvoker$MethodInvocationAgent.invoke(TestInvoker.java:824)
	at org.testng.internal.TestInvoker.invokeTestMethods(TestInvoker.java:146)
	at org.testng.internal.TestMethodWorker.invokeTestMethods(TestMethodWorker.java:146)
	at org.testng.internal.TestMethodWorker.run(TestMethodWorker.java:128)
	at java.base/java.util.ArrayList.forEach(ArrayList.java:1540)
	at org.testng.TestRunner.privateRun(TestRunner.java:794)
	at org.testng.TestRunner.run(TestRunner.java:596)
	at org.testng.SuiteRunner.runTest(SuiteRunner.java:377)
	at org.testng.SuiteRunner.runSequentially(SuiteRunner.java:371)
	at org.testng.SuiteRunner.privateRun(SuiteRunner.java:332)
	at org.testng.SuiteRunner.run(SuiteRunner.java:276)
	at org.testng.SuiteRunnerWorker.runSuite(SuiteRunnerWorker.java:53)
	at org.testng.SuiteRunnerWorker.run(SuiteRunnerWorker.java:96)
	at org.testng.TestNG.runSuitesSequentially(TestNG.java:1212)
	at org.testng.TestNG.runSuitesLocally(TestNG.java:1134)
	at org.testng.TestNG.runSuites(TestNG.java:1063)
	at org.testng.TestNG.run(TestNG.java:1031)
	at org.testng.remote.AbstractRemoteTestNG.run(AbstractRemoteTestNG.java:115)
	at org.testng.remote.RemoteTestNG.initAndRun(RemoteTestNG.java:251)
	at org.testng.remote.RemoteTestNG.main(RemoteTestNG.java:77)
</div></td></tr></table><p class="totop"><a href="#summary">back to summary</a></p>
<h3 id="m1">JavaMavenTestNG.JavaMavenTestNG.LoanCalculatorTestClass#loanCalculatorTest</h3><table class="result"><tr class="param"><th>Parameter #1</th><th>Parameter #2</th><th>Parameter #3</th><th>Parameter #4</th></tr><tr class="param stripe"><td>32309.0</td><td>$8001-$9000</td><td>36 months</td><td>500-599 (Fair)</td></tr><tr><th colspan="4">Exception</th></tr><tr><td colspan="4"><div class="stacktrace">java.lang.UnsupportedOperationException: You may not select an option in disabled select
	at org.openqa.selenium.support.ui.Select.assertSelectIsEnabled(Select.java:327)
	at org.openqa.selenium.support.ui.Select.selectByVisibleText(Select.java:111)
	at JavaMavenTestNG.JavaMavenTestNG.LoanCalculatorTestClass.loanCalculatorTest(LoanCalculatorTestClass.java:81)
	at java.base/jdk.internal.reflect.NativeMethodAccessorImpl.invoke0(Native Method)
	at java.base/jdk.internal.reflect.NativeMethodAccessorImpl.invoke(NativeMethodAccessorImpl.java:62)
	at java.base/jdk.internal.reflect.DelegatingMethodAccessorImpl.invoke(DelegatingMethodAccessorImpl.java:43)
	at java.base/java.lang.reflect.Method.invoke(Method.java:566)
	at org.testng.internal.MethodInvocationHelper.invokeMethod(MethodInvocationHelper.java:133)
	at org.testng.internal.TestInvoker.invokeMethod(TestInvoker.java:598)
	at org.testng.internal.TestInvoker.invokeTestMethod(TestInvoker.java:173)
	at org.testng.internal.MethodRunner.runInSequence(MethodRunner.java:46)
	at org.testng.internal.TestInvoker$MethodInvocationAgent.invoke(TestInvoker.java:824)
	at org.testng.internal.TestInvoker.invokeTestMethods(TestInvoker.java:146)
	at org.testng.internal.TestMethodWorker.invokeTestMethods(TestMethodWorker.java:146)
	at org.testng.internal.TestMethodWorker.run(TestMethodWorker.java:128)
	at java.base/java.util.ArrayList.forEach(ArrayList.java:1540)
	at org.testng.TestRunner.privateRun(TestRunner.java:794)
	at org.testng.TestRunner.run(TestRunner.java:596)
	at org.testng.SuiteRunner.runTest(SuiteRunner.java:377)
	at org.testng.SuiteRunner.runSequentially(SuiteRunner.java:371)
	at org.testng.SuiteRunner.privateRun(SuiteRunner.java:332)
	at org.testng.SuiteRunner.run(SuiteRunner.java:276)
	at org.testng.SuiteRunnerWorker.runSuite(SuiteRunnerWorker.java:53)
	at org.testng.SuiteRunnerWorker.run(SuiteRunnerWorker.java:96)
	at org.testng.TestNG.runSuitesSequentially(TestNG.java:1212)
	at org.testng.TestNG.runSuitesLocally(TestNG.java:1134)
	at org.testng.TestNG.runSuites(TestNG.java:1063)
	at org.testng.TestNG.run(TestNG.java:1031)
	at org.testng.remote.AbstractRemoteTestNG.run(AbstractRemoteTestNG.java:115)
	at org.testng.remote.RemoteTestNG.initAndRun(RemoteTestNG.java:251)
	at org.testng.remote.RemoteTestNG.main(RemoteTestNG.java:77)
</div></td></tr></table><p class="totop"><a href="#summary">back to summary</a></p>
<h3 id="m2">JavaMavenTestNG.JavaMavenTestNG.LoanCalculatorTestClass#loanCalculatorTest</h3><table class="result"><tr class="param"><th>Parameter #1</th><th>Parameter #2</th><th>Parameter #3</th><th>Parameter #4</th></tr><tr class="param stripe"><td>47731.0</td><td>$4001-$5000</td><td>30 months</td><td>700+ (Great)</td></tr><tr><th colspan="4">Exception</th></tr><tr><td colspan="4"><div class="stacktrace">java.lang.UnsupportedOperationException: You may not select an option in disabled select
	at org.openqa.selenium.support.ui.Select.assertSelectIsEnabled(Select.java:327)
	at org.openqa.selenium.support.ui.Select.selectByVisibleText(Select.java:111)
	at JavaMavenTestNG.JavaMavenTestNG.LoanCalculatorTestClass.loanCalculatorTest(LoanCalculatorTestClass.java:81)
	at java.base/jdk.internal.reflect.NativeMethodAccessorImpl.invoke0(Native Method)
	at java.base/jdk.internal.reflect.NativeMethodAccessorImpl.invoke(NativeMethodAccessorImpl.java:62)
	at java.base/jdk.internal.reflect.DelegatingMethodAccessorImpl.invoke(DelegatingMethodAccessorImpl.java:43)
	at java.base/java.lang.reflect.Method.invoke(Method.java:566)
	at org.testng.internal.MethodInvocationHelper.invokeMethod(MethodInvocationHelper.java:133)
	at org.testng.internal.TestInvoker.invokeMethod(TestInvoker.java:598)
	at org.testng.internal.TestInvoker.invokeTestMethod(TestInvoker.java:173)
	at org.testng.internal.MethodRunner.runInSequence(MethodRunner.java:46)
	at org.testng.internal.TestInvoker$MethodInvocationAgent.invoke(TestInvoker.java:824)
	at org.testng.internal.TestInvoker.invokeTestMethods(TestInvoker.java:146)
	at org.testng.internal.TestMethodWorker.invokeTestMethods(TestMethodWorker.java:146)
	at org.testng.internal.TestMethodWorker.run(TestMethodWorker.java:128)
	at java.base/java.util.ArrayList.forEach(ArrayList.java:1540)
	at org.testng.TestRunner.privateRun(TestRunner.java:794)
	at org.testng.TestRunner.run(TestRunner.java:596)
	at org.testng.SuiteRunner.runTest(SuiteRunner.java:377)
	at org.testng.SuiteRunner.runSequentially(SuiteRunner.java:371)
	at org.testng.SuiteRunner.privateRun(SuiteRunner.java:332)
	at org.testng.SuiteRunner.run(SuiteRunner.java:276)
	at org.testng.SuiteRunnerWorker.runSuite(SuiteRunnerWorker.java:53)
	at org.testng.SuiteRunnerWorker.run(SuiteRunnerWorker.java:96)
	at org.testng.TestNG.runSuitesSequentially(TestNG.java:1212)
	at org.testng.TestNG.runSuitesLocally(TestNG.java:1134)
	at org.testng.TestNG.runSuites(TestNG.java:1063)
	at org.testng.TestNG.run(TestNG.java:1031)
	at org.testng.remote.AbstractRemoteTestNG.run(AbstractRemoteTestNG.java:115)
	at org.testng.remote.RemoteTestNG.initAndRun(RemoteTestNG.java:251)
	at org.testng.remote.RemoteTestNG.main(RemoteTestNG.java:77)
</div></td></tr></table><p class="totop"><a href="#summary">back to summary</a></p>
<h3 id="m3">JavaMavenTestNG.JavaMavenTestNG.LoanCalculatorTestClass#loanCalculatorTest</h3><table class="result"><tr class="param"><th>Parameter #1</th><th>Parameter #2</th><th>Parameter #3</th><th>Parameter #4</th></tr><tr class="param stripe"><td>27612.0</td><td>$3001-$4000</td><td>36 months</td><td>600-699 (Good)</td></tr><tr><th colspan="4">Exception</th></tr><tr><td colspan="4"><div class="stacktrace">java.lang.UnsupportedOperationException: You may not select an option in disabled select
	at org.openqa.selenium.support.ui.Select.assertSelectIsEnabled(Select.java:327)
	at org.openqa.selenium.support.ui.Select.selectByVisibleText(Select.java:111)
	at JavaMavenTestNG.JavaMavenTestNG.LoanCalculatorTestClass.loanCalculatorTest(LoanCalculatorTestClass.java:81)
	at java.base/jdk.internal.reflect.NativeMethodAccessorImpl.invoke0(Native Method)
	at java.base/jdk.internal.reflect.NativeMethodAccessorImpl.invoke(NativeMethodAccessorImpl.java:62)
	at java.base/jdk.internal.reflect.DelegatingMethodAccessorImpl.invoke(DelegatingMethodAccessorImpl.java:43)
	at java.base/java.lang.reflect.Method.invoke(Method.java:566)
	at org.testng.internal.MethodInvocationHelper.invokeMethod(MethodInvocationHelper.java:133)
	at org.testng.internal.TestInvoker.invokeMethod(TestInvoker.java:598)
	at org.testng.internal.TestInvoker.invokeTestMethod(TestInvoker.java:173)
	at org.testng.internal.MethodRunner.runInSequence(MethodRunner.java:46)
	at org.testng.internal.TestInvoker$MethodInvocationAgent.invoke(TestInvoker.java:824)
	at org.testng.internal.TestInvoker.invokeTestMethods(TestInvoker.java:146)
	at org.testng.internal.TestMethodWorker.invokeTestMethods(TestMethodWorker.java:146)
	at org.testng.internal.TestMethodWorker.run(TestMethodWorker.java:128)
	at java.base/java.util.ArrayList.forEach(ArrayList.java:1540)
	at org.testng.TestRunner.privateRun(TestRunner.java:794)
	at org.testng.TestRunner.run(TestRunner.java:596)
	at org.testng.SuiteRunner.runTest(SuiteRunner.java:377)
	at org.testng.SuiteRunner.runSequentially(SuiteRunner.java:371)
	at org.testng.SuiteRunner.privateRun(SuiteRunner.java:332)
	at org.testng.SuiteRunner.run(SuiteRunner.java:276)
	at org.testng.SuiteRunnerWorker.runSuite(SuiteRunnerWorker.java:53)
	at org.testng.SuiteRunnerWorker.run(SuiteRunnerWorker.java:96)
	at org.testng.TestNG.runSuitesSequentially(TestNG.java:1212)
	at org.testng.TestNG.runSuitesLocally(TestNG.java:1134)
	at org.testng.TestNG.runSuites(TestNG.java:1063)
	at org.testng.TestNG.run(TestNG.java:1031)
	at org.testng.remote.AbstractRemoteTestNG.run(AbstractRemoteTestNG.java:115)
	at org.testng.remote.RemoteTestNG.initAndRun(RemoteTestNG.java:251)
	at org.testng.remote.RemoteTestNG.main(RemoteTestNG.java:77)
</div></td></tr></table><p class="totop"><a href="#summary">back to summary</a></p>
<h3 id="m4">JavaMavenTestNG.JavaMavenTestNG.LoanCalculatorTestClass#loanCalculatorTest</h3><table class="result"><tr class="param"><th>Parameter #1</th><th>Parameter #2</th><th>Parameter #3</th><th>Parameter #4</th></tr><tr class="param stripe"><td>53219.0</td><td>$6001-$7000</td><td>36 months</td><td>600-699 (Good)</td></tr><tr><th colspan="4">Exception</th></tr><tr><td colspan="4"><div class="stacktrace">java.lang.UnsupportedOperationException: You may not select an option in disabled select
	at org.openqa.selenium.support.ui.Select.assertSelectIsEnabled(Select.java:327)
	at org.openqa.selenium.support.ui.Select.selectByVisibleText(Select.java:111)
	at JavaMavenTestNG.JavaMavenTestNG.LoanCalculatorTestClass.loanCalculatorTest(LoanCalculatorTestClass.java:81)
	at java.base/jdk.internal.reflect.NativeMethodAccessorImpl.invoke0(Native Method)
	at java.base/jdk.internal.reflect.NativeMethodAccessorImpl.invoke(NativeMethodAccessorImpl.java:62)
	at java.base/jdk.internal.reflect.DelegatingMethodAccessorImpl.invoke(DelegatingMethodAccessorImpl.java:43)
	at java.base/java.lang.reflect.Method.invoke(Method.java:566)
	at org.testng.internal.MethodInvocationHelper.invokeMethod(MethodInvocationHelper.java:133)
	at org.testng.internal.TestInvoker.invokeMethod(TestInvoker.java:598)
	at org.testng.internal.TestInvoker.invokeTestMethod(TestInvoker.java:173)
	at org.testng.internal.MethodRunner.runInSequence(MethodRunner.java:46)
	at org.testng.internal.TestInvoker$MethodInvocationAgent.invoke(TestInvoker.java:824)
	at org.testng.internal.TestInvoker.invokeTestMethods(TestInvoker.java:146)
	at org.testng.internal.TestMethodWorker.invokeTestMethods(TestMethodWorker.java:146)
	at org.testng.internal.TestMethodWorker.run(TestMethodWorker.java:128)
	at java.base/java.util.ArrayList.forEach(ArrayList.java:1540)
	at org.testng.TestRunner.privateRun(TestRunner.java:794)
	at org.testng.TestRunner.run(TestRunner.java:596)
	at org.testng.SuiteRunner.runTest(SuiteRunner.java:377)
	at org.testng.SuiteRunner.runSequentially(SuiteRunner.java:371)
	at org.testng.SuiteRunner.privateRun(SuiteRunner.java:332)
	at org.testng.SuiteRunner.run(SuiteRunner.java:276)
	at org.testng.SuiteRunnerWorker.runSuite(SuiteRunnerWorker.java:53)
	at org.testng.SuiteRunnerWorker.run(SuiteRunnerWorker.java:96)
	at org.testng.TestNG.runSuitesSequentially(TestNG.java:1212)
	at org.testng.TestNG.runSuitesLocally(TestNG.java:1134)
	at org.testng.TestNG.runSuites(TestNG.java:1063)
	at org.testng.TestNG.run(TestNG.java:1031)
	at org.testng.remote.AbstractRemoteTestNG.run(AbstractRemoteTestNG.java:115)
	at org.testng.remote.RemoteTestNG.initAndRun(RemoteTestNG.java:251)
	at org.testng.remote.RemoteTestNG.main(RemoteTestNG.java:77)
</div></td></tr></table><p class="totop"><a href="#summary">back to summary</a></p>
<h3 id="m5">JavaMavenTestNG.JavaMavenTestNG.LoanCalculatorTestClass#loanCalculatorTest</h3><table class="result"><tr class="param"><th>Parameter #1</th><th>Parameter #2</th><th>Parameter #3</th><th>Parameter #4</th></tr><tr class="param stripe"><td>85296.0</td><td>$5001-$6000</td><td>24 months</td><td>500-599 (Fair)</td></tr><tr><th colspan="4">Exception</th></tr><tr><td colspan="4"><div class="stacktrace">java.lang.UnsupportedOperationException: You may not select an option in disabled select
	at org.openqa.selenium.support.ui.Select.assertSelectIsEnabled(Select.java:327)
	at org.openqa.selenium.support.ui.Select.selectByVisibleText(Select.java:111)
	at JavaMavenTestNG.JavaMavenTestNG.LoanCalculatorTestClass.loanCalculatorTest(LoanCalculatorTestClass.java:81)
	at java.base/jdk.internal.reflect.NativeMethodAccessorImpl.invoke0(Native Method)
	at java.base/jdk.internal.reflect.NativeMethodAccessorImpl.invoke(NativeMethodAccessorImpl.java:62)
	at java.base/jdk.internal.reflect.DelegatingMethodAccessorImpl.invoke(DelegatingMethodAccessorImpl.java:43)
	at java.base/java.lang.reflect.Method.invoke(Method.java:566)
	at org.testng.internal.MethodInvocationHelper.invokeMethod(MethodInvocationHelper.java:133)
	at org.testng.internal.TestInvoker.invokeMethod(TestInvoker.java:598)
	at org.testng.internal.TestInvoker.invokeTestMethod(TestInvoker.java:173)
	at org.testng.internal.MethodRunner.runInSequence(MethodRunner.java:46)
	at org.testng.internal.TestInvoker$MethodInvocationAgent.invoke(TestInvoker.java:824)
	at org.testng.internal.TestInvoker.invokeTestMethods(TestInvoker.java:146)
	at org.testng.internal.TestMethodWorker.invokeTestMethods(TestMethodWorker.java:146)
	at org.testng.internal.TestMethodWorker.run(TestMethodWorker.java:128)
	at java.base/java.util.ArrayList.forEach(ArrayList.java:1540)
	at org.testng.TestRunner.privateRun(TestRunner.java:794)
	at org.testng.TestRunner.run(TestRunner.java:596)
	at org.testng.SuiteRunner.runTest(SuiteRunner.java:377)
	at org.testng.SuiteRunner.runSequentially(SuiteRunner.java:371)
	at org.testng.SuiteRunner.privateRun(SuiteRunner.java:332)
	at org.testng.SuiteRunner.run(SuiteRunner.java:276)
	at org.testng.SuiteRunnerWorker.runSuite(SuiteRunnerWorker.java:53)
	at org.testng.SuiteRunnerWorker.run(SuiteRunnerWorker.java:96)
	at org.testng.TestNG.runSuitesSequentially(TestNG.java:1212)
	at org.testng.TestNG.runSuitesLocally(TestNG.java:1134)
	at org.testng.TestNG.runSuites(TestNG.java:1063)
	at org.testng.TestNG.run(TestNG.java:1031)
	at org.testng.remote.AbstractRemoteTestNG.run(AbstractRemoteTestNG.java:115)
	at org.testng.remote.RemoteTestNG.initAndRun(RemoteTestNG.java:251)
	at org.testng.remote.RemoteTestNG.main(RemoteTestNG.java:77)
</div></td></tr></table><p class="totop"><a href="#summary">back to summary</a></p>
<h3 id="m6">JavaMavenTestNG.JavaMavenTestNG.LoanCalculatorTestClass#loanCalculatorTest</h3><table class="result"><tr class="param"><th>Parameter #1</th><th>Parameter #2</th><th>Parameter #3</th><th>Parameter #4</th></tr><tr class="param stripe"><td>35071.0</td><td>$2001-$3000</td><td>30 months</td><td>500-599 (Fair)</td></tr><tr><th colspan="4">Messages</th></tr><tr><td colspan="4"><div class="messages">if - REPORTER - ASSERT TRUE CHECK-->	true<br><br/>LOAN CALCULATOR TEST GOT COMPLETED<br></div></td></tr></table><p class="totop"><a href="#summary">back to summary</a></p>
<h3 id="m7">JavaMavenTestNG.JavaMavenTestNG.LoanCalculatorTestClass#loanCalculatorTest</h3><table class="result"><tr class="param"><th>Parameter #1</th><th>Parameter #2</th><th>Parameter #3</th><th>Parameter #4</th></tr><tr class="param stripe"><td>42001.0</td><td>$2001-$3000</td><td>36 months</td><td>700+ (Great)</td></tr><tr><th colspan="4">Messages</th></tr><tr><td colspan="4"><div class="messages">if - REPORTER - ASSERT TRUE CHECK-->	true<br><br/>LOAN CALCULATOR TEST GOT COMPLETED<br></div></td></tr></table><p class="totop"><a href="#summary">back to summary</a></p>
<h3 id="m8">JavaMavenTestNG.JavaMavenTestNG.LoanCalculatorTestClass#loanCalculatorTest</h3><table class="result"><tr class="param"><th>Parameter #1</th><th>Parameter #2</th><th>Parameter #3</th><th>Parameter #4</th></tr><tr class="param stripe"><td>29621.0</td><td>$2001-$3000</td><td>36 months</td><td>500-599 (Fair)</td></tr><tr><th colspan="4">Messages</th></tr><tr><td colspan="4"><div class="messages">if - REPORTER - ASSERT TRUE CHECK-->	true<br><br/>LOAN CALCULATOR TEST GOT COMPLETED<br></div></td></tr></table><p class="totop"><a href="#summary">back to summary</a></p>
<h3 id="m9">JavaMavenTestNG.JavaMavenTestNG.LoanCalculatorTestClass#loanCalculatorTest</h3><table class="result"><tr class="param"><th>Parameter #1</th><th>Parameter #2</th><th>Parameter #3</th><th>Parameter #4</th></tr><tr class="param stripe"><td>63011.0</td><td>$2001-$3000</td><td>30 months</td><td>700+ (Great)</td></tr><tr><th colspan="4">Messages</th></tr><tr><td colspan="4"><div class="messages">if - REPORTER - ASSERT TRUE CHECK-->	true<br><br/>LOAN CALCULATOR TEST GOT COMPLETED<br></div></td></tr></table><p class="totop"><a href="#summary">back to summary</a></p>
<h3 id="m10">JavaMavenTestNG.JavaMavenTestNG.LoanCalculatorTestClass#loanCalculatorTest</h3><table class="result"><tr class="param"><th>Parameter #1</th><th>Parameter #2</th><th>Parameter #3</th><th>Parameter #4</th></tr><tr class="param stripe"><td>38930.0</td><td>$2001-$3000</td><td>24 months</td><td>500-599 (Fair)</td></tr><tr><th colspan="4">Messages</th></tr><tr><td colspan="4"><div class="messages">if - REPORTER - ASSERT TRUE CHECK-->	true<br><br/>LOAN CALCULATOR TEST GOT COMPLETED<br></div></td></tr></table><p class="totop"><a href="#summary">back to summary</a></p>
<h3 id="m11">JavaMavenTestNG.JavaMavenTestNG.LoanCalculatorTestClass#loanCalculatorTest</h3><table class="result"><tr class="param"><th>Parameter #1</th><th>Parameter #2</th><th>Parameter #3</th><th>Parameter #4</th></tr><tr class="param stripe"><td>30076.0</td><td>$3001-$4000</td><td>24 months</td><td>700+ (Great)</td></tr><tr><th colspan="4">Messages</th></tr><tr><td colspan="4"><div class="messages">if - REPORTER - ASSERT TRUE CHECK-->	true<br><br/>LOAN CALCULATOR TEST GOT COMPLETED<br></div></td></tr></table><p class="totop"><a href="#summary">back to summary</a></p>
<h3 id="m12">JavaMavenTestNG.JavaMavenTestNG.LoanCalculatorTestClass#loanCalculatorTest</h3><table class="result"><tr class="param"><th>Parameter #1</th><th>Parameter #2</th><th>Parameter #3</th><th>Parameter #4</th></tr><tr class="param stripe"><td>70816.0</td><td>$2001-$3000</td><td>36 months</td><td>600-699 (Good)</td></tr><tr><th colspan="4">Messages</th></tr><tr><td colspan="4"><div class="messages">if - REPORTER - ASSERT TRUE CHECK-->	true<br><br/>LOAN CALCULATOR TEST GOT COMPLETED<br></div></td></tr></table><p class="totop"><a href="#summary">back to summary</a></p>
<h3 id="m13">JavaMavenTestNG.JavaMavenTestNG.LoanCalculatorTestClass#loanCalculatorTest</h3><table class="result"><tr class="param"><th>Parameter #1</th><th>Parameter #2</th><th>Parameter #3</th><th>Parameter #4</th></tr><tr class="param stripe"><td>23224.0</td><td>$7001-$8000</td><td>36 months</td><td>700+ (Great)</td></tr><tr><th colspan="4">Messages</th></tr><tr><td colspan="4"><div class="messages">if - REPORTER - ASSERT TRUE CHECK-->	true<br><br/>LOAN CALCULATOR TEST GOT COMPLETED<br></div></td></tr></table><p class="totop"><a href="#summary">back to summary</a></p>
<h3 id="m14">JavaMavenTestNG.JavaMavenTestNG.LoanCalculatorTestClass#loanCalculatorTest</h3><table class="result"><tr class="param"><th>Parameter #1</th><th>Parameter #2</th><th>Parameter #3</th><th>Parameter #4</th></tr><tr class="param stripe"><td>38305.0</td><td>$2001-$3000</td><td>24 months</td><td>600-699 (Good)</td></tr><tr><th colspan="4">Messages</th></tr><tr><td colspan="4"><div class="messages">if - REPORTER - ASSERT TRUE CHECK-->	true<br><br/>LOAN CALCULATOR TEST GOT COMPLETED<br></div></td></tr></table><p class="totop"><a href="#summary">back to summary</a></p>
<h3 id="m15">JavaMavenTestNG.JavaMavenTestNG.LoanCalculatorTestClass#loanCalculatorTest</h3><table class="result"><tr class="param"><th>Parameter #1</th><th>Parameter #2</th><th>Parameter #3</th><th>Parameter #4</th></tr><tr class="param stripe"><td>75287.0</td><td>$2001-$3000</td><td>24 months</td><td>700+ (Great)</td></tr><tr><th colspan="4">Messages</th></tr><tr><td colspan="4"><div class="messages">if - REPORTER - ASSERT TRUE CHECK-->	true<br><br/>LOAN CALCULATOR TEST GOT COMPLETED<br></div></td></tr></table><p class="totop"><a href="#summary">back to summary</a></p>
</body>
</html>
