<?xml version="1.0" encoding="UTF-8"?>
<testng-results ignored="0" total="16" passed="9" failed="7" skipped="0">
  <reporter-output>
    <line>
      <![CDATA[if - REPORTER - ASSERT TRUE CHECK-->true<br>]]>
    </line>
    <line>
      <![CDATA[LOAN CALCULATOR TEST GOT COMPLETED<br>]]>
    </line>
    <line>
      <![CDATA[<a href='C:\Users\pvenkatarajan\GIT2\PVautomation02\JavaMavenTestNG/screenshots/screenshot_loanCalculatorTest [29621.0]_SUCCESS.png' target='_blank'>Screenshot</a>]]>
    </line>
    <line>
      <![CDATA[Screenshot saved for successful test: loanCalculatorTest [29621.0] -> C:\Users\pvenkatarajan\GIT2\PVautomation02\JavaMavenTestNG/screenshots/screenshot_loanCalculatorTest [29621.0]_SUCCESS.png]]>
    </line>
    <line>
      <![CDATA[if - REPORTER - ASSERT TRUE CHECK-->true<br>]]>
    </line>
    <line>
      <![CDATA[LOAN CALCULATOR TEST GOT COMPLETED<br>]]>
    </line>
    <line>
      <![CDATA[<a href='C:\Users\pvenkatarajan\GIT2\PVautomation02\JavaMavenTestNG/screenshots/screenshot_loanCalculatorTest [35071.0]_SUCCESS.png' target='_blank'>Screenshot</a>]]>
    </line>
    <line>
      <![CDATA[Screenshot saved for successful test: loanCalculatorTest [35071.0] -> C:\Users\pvenkatarajan\GIT2\PVautomation02\JavaMavenTestNG/screenshots/screenshot_loanCalculatorTest [35071.0]_SUCCESS.png]]>
    </line>
    <line>
      <![CDATA[if - REPORTER - ASSERT TRUE CHECK-->true<br>]]>
    </line>
    <line>
      <![CDATA[LOAN CALCULATOR TEST GOT COMPLETED<br>]]>
    </line>
    <line>
      <![CDATA[<a href='C:\Users\pvenkatarajan\GIT2\PVautomation02\JavaMavenTestNG/screenshots/screenshot_loanCalculatorTest [38930.0]_SUCCESS.png' target='_blank'>Screenshot</a>]]>
    </line>
    <line>
      <![CDATA[Screenshot saved for successful test: loanCalculatorTest [38930.0] -> C:\Users\pvenkatarajan\GIT2\PVautomation02\JavaMavenTestNG/screenshots/screenshot_loanCalculatorTest [38930.0]_SUCCESS.png]]>
    </line>
    <line>
      <![CDATA[if - REPORTER - ASSERT TRUE CHECK-->true<br>]]>
    </line>
    <line>
      <![CDATA[LOAN CALCULATOR TEST GOT COMPLETED<br>]]>
    </line>
    <line>
      <![CDATA[<a href='C:\Users\pvenkatarajan\GIT2\PVautomation02\JavaMavenTestNG/screenshots/screenshot_loanCalculatorTest [70816.0]_SUCCESS.png' target='_blank'>Screenshot</a>]]>
    </line>
    <line>
      <![CDATA[Screenshot saved for successful test: loanCalculatorTest [70816.0] -> C:\Users\pvenkatarajan\GIT2\PVautomation02\JavaMavenTestNG/screenshots/screenshot_loanCalculatorTest [70816.0]_SUCCESS.png]]>
    </line>
    <line>
      <![CDATA[<a href='C:\Users\pvenkatarajan\GIT2\PVautomation02\JavaMavenTestNG/screenshots/screenshot_loanCalculatorTest [30076.0]_FAILURE.png' target='_blank'>Screenshot</a>]]>
    </line>
    <line>
      <![CDATA[Screenshot saved for failed test: loanCalculatorTest [30076.0] -> C:\Users\pvenkatarajan\GIT2\PVautomation02\JavaMavenTestNG/screenshots/screenshot_loanCalculatorTest [30076.0]_FAILURE.png]]>
    </line>
    <line>
      <![CDATA[if - REPORTER - ASSERT TRUE CHECK-->true<br>]]>
    </line>
    <line>
      <![CDATA[LOAN CALCULATOR TEST GOT COMPLETED<br>]]>
    </line>
    <line>
      <![CDATA[<a href='C:\Users\pvenkatarajan\GIT2\PVautomation02\JavaMavenTestNG/screenshots/screenshot_loanCalculatorTest [38305.0]_SUCCESS.png' target='_blank'>Screenshot</a>]]>
    </line>
    <line>
      <![CDATA[Screenshot saved for successful test: loanCalculatorTest [38305.0] -> C:\Users\pvenkatarajan\GIT2\PVautomation02\JavaMavenTestNG/screenshots/screenshot_loanCalculatorTest [38305.0]_SUCCESS.png]]>
    </line>
    <line>
      <![CDATA[if - REPORTER - ASSERT TRUE CHECK-->true<br>]]>
    </line>
    <line>
      <![CDATA[LOAN CALCULATOR TEST GOT COMPLETED<br>]]>
    </line>
    <line>
      <![CDATA[<a href='C:\Users\pvenkatarajan\GIT2\PVautomation02\JavaMavenTestNG/screenshots/screenshot_loanCalculatorTest [42001.0]_SUCCESS.png' target='_blank'>Screenshot</a>]]>
    </line>
    <line>
      <![CDATA[Screenshot saved for successful test: loanCalculatorTest [42001.0] -> C:\Users\pvenkatarajan\GIT2\PVautomation02\JavaMavenTestNG/screenshots/screenshot_loanCalculatorTest [42001.0]_SUCCESS.png]]>
    </line>
    <line>
      <![CDATA[if - REPORTER - ASSERT TRUE CHECK-->true<br>]]>
    </line>
    <line>
      <![CDATA[LOAN CALCULATOR TEST GOT COMPLETED<br>]]>
    </line>
    <line>
      <![CDATA[<a href='C:\Users\pvenkatarajan\GIT2\PVautomation02\JavaMavenTestNG/screenshots/screenshot_loanCalculatorTest [63011.0]_SUCCESS.png' target='_blank'>Screenshot</a>]]>
    </line>
    <line>
      <![CDATA[Screenshot saved for successful test: loanCalculatorTest [63011.0] -> C:\Users\pvenkatarajan\GIT2\PVautomation02\JavaMavenTestNG/screenshots/screenshot_loanCalculatorTest [63011.0]_SUCCESS.png]]>
    </line>
    <line>
      <![CDATA[if - REPORTER - ASSERT TRUE CHECK-->true<br>]]>
    </line>
    <line>
      <![CDATA[LOAN CALCULATOR TEST GOT COMPLETED<br>]]>
    </line>
    <line>
      <![CDATA[<a href='C:\Users\pvenkatarajan\GIT2\PVautomation02\JavaMavenTestNG/screenshots/screenshot_loanCalculatorTest [75287.0]_SUCCESS.png' target='_blank'>Screenshot</a>]]>
    </line>
    <line>
      <![CDATA[Screenshot saved for successful test: loanCalculatorTest [75287.0] -> C:\Users\pvenkatarajan\GIT2\PVautomation02\JavaMavenTestNG/screenshots/screenshot_loanCalculatorTest [75287.0]_SUCCESS.png]]>
    </line>
    <line>
      <![CDATA[<a href='C:\Users\pvenkatarajan\GIT2\PVautomation02\JavaMavenTestNG/screenshots/screenshot_loanCalculatorTest [27612.0]_FAILURE.png' target='_blank'>Screenshot</a>]]>
    </line>
    <line>
      <![CDATA[Screenshot saved for failed test: loanCalculatorTest [27612.0] -> C:\Users\pvenkatarajan\GIT2\PVautomation02\JavaMavenTestNG/screenshots/screenshot_loanCalculatorTest [27612.0]_FAILURE.png]]>
    </line>
    <line>
      <![CDATA[<a href='C:\Users\pvenkatarajan\GIT2\PVautomation02\JavaMavenTestNG/screenshots/screenshot_loanCalculatorTest [47731.0]_FAILURE.png' target='_blank'>Screenshot</a>]]>
    </line>
    <line>
      <![CDATA[Screenshot saved for failed test: loanCalculatorTest [47731.0] -> C:\Users\pvenkatarajan\GIT2\PVautomation02\JavaMavenTestNG/screenshots/screenshot_loanCalculatorTest [47731.0]_FAILURE.png]]>
    </line>
    <line>
      <![CDATA[<a href='C:\Users\pvenkatarajan\GIT2\PVautomation02\JavaMavenTestNG/screenshots/screenshot_loanCalculatorTest [85296.0]_FAILURE.png' target='_blank'>Screenshot</a>]]>
    </line>
    <line>
      <![CDATA[Screenshot saved for failed test: loanCalculatorTest [85296.0] -> C:\Users\pvenkatarajan\GIT2\PVautomation02\JavaMavenTestNG/screenshots/screenshot_loanCalculatorTest [85296.0]_FAILURE.png]]>
    </line>
    <line>
      <![CDATA[<a href='C:\Users\pvenkatarajan\GIT2\PVautomation02\JavaMavenTestNG/screenshots/screenshot_loanCalculatorTest [53219.0]_FAILURE.png' target='_blank'>Screenshot</a>]]>
    </line>
    <line>
      <![CDATA[Screenshot saved for failed test: loanCalculatorTest [53219.0] -> C:\Users\pvenkatarajan\GIT2\PVautomation02\JavaMavenTestNG/screenshots/screenshot_loanCalculatorTest [53219.0]_FAILURE.png]]>
    </line>
    <line>
      <![CDATA[if - REPORTER - ASSERT TRUE CHECK-->true<br>]]>
    </line>
    <line>
      <![CDATA[LOAN CALCULATOR TEST GOT COMPLETED<br>]]>
    </line>
    <line>
      <![CDATA[<a href='C:\Users\pvenkatarajan\GIT2\PVautomation02\JavaMavenTestNG/screenshots/screenshot_loanCalculatorTest [23224.0]_SUCCESS.png' target='_blank'>Screenshot</a>]]>
    </line>
    <line>
      <![CDATA[Screenshot saved for successful test: loanCalculatorTest [23224.0] -> C:\Users\pvenkatarajan\GIT2\PVautomation02\JavaMavenTestNG/screenshots/screenshot_loanCalculatorTest [23224.0]_SUCCESS.png]]>
    </line>
    <line>
      <![CDATA[<a href='C:\Users\pvenkatarajan\GIT2\PVautomation02\JavaMavenTestNG/screenshots/screenshot_loanCalculatorTest [32309.0]_FAILURE.png' target='_blank'>Screenshot</a>]]>
    </line>
    <line>
      <![CDATA[Screenshot saved for failed test: loanCalculatorTest [32309.0] -> C:\Users\pvenkatarajan\GIT2\PVautomation02\JavaMavenTestNG/screenshots/screenshot_loanCalculatorTest [32309.0]_FAILURE.png]]>
    </line>
    <line>
      <![CDATA[<a href='C:\Users\pvenkatarajan\GIT2\PVautomation02\JavaMavenTestNG/screenshots/screenshot_loanCalculatorTest [43103.0]_FAILURE.png' target='_blank'>Screenshot</a>]]>
    </line>
    <line>
      <![CDATA[Screenshot saved for failed test: loanCalculatorTest [43103.0] -> C:\Users\pvenkatarajan\GIT2\PVautomation02\JavaMavenTestNG/screenshots/screenshot_loanCalculatorTest [43103.0]_FAILURE.png]]>
    </line>
  </reporter-output>
  <suite started-at="2024-12-19T09:43:03 CST" name="Suite" finished-at="2024-12-19T09:50:39 CST" duration-ms="456056">
    <groups>
    </groups>
    <test started-at="2024-12-19T09:43:03 CST" name="Test" finished-at="2024-12-19T09:50:39 CST" duration-ms="456056">
      <class name="JavaMavenTestNG.JavaMavenTestNG.LoanCalculatorTestClass">
        <test-method is-config="true" signature="setUp(org.testng.ITestContext)[pri:0, instance:JavaMavenTestNG.JavaMavenTestNG.LoanCalculatorTestClass@3cebbb30]" started-at="2024-12-19T09:43:03 CST" name="setUp" finished-at="2024-12-19T09:43:05 CST" duration-ms="1889" status="PASS">
          <params>
            <param index="0">
              <value>
                <![CDATA[org.testng.TestRunner@55736cfe]]>
              </value>
            </param>
          </params>
          <reporter-output>
          </reporter-output>
        </test-method> <!-- setUp -->
        <test-method signature="loanCalculatorTest(java.lang.String,java.lang.String,java.lang.String,java.lang.String)[pri:0, instance:JavaMavenTestNG.JavaMavenTestNG.LoanCalculatorTestClass@3cebbb30]" started-at="2024-12-19T09:43:07 CST" name="loanCalculatorTest" description="Owner: pv_test" data-provider="excelData" finished-at="2024-12-19T09:43:38 CST" duration-ms="31090" status="PASS">
          <params>
            <param index="0">
              <value>
                <![CDATA[29621.0]]>
              </value>
            </param>
            <param index="1">
              <value>
                <![CDATA[$2001-$3000]]>
              </value>
            </param>
            <param index="2">
              <value>
                <![CDATA[36 months]]>
              </value>
            </param>
            <param index="3">
              <value>
                <![CDATA[500-599 (Fair)]]>
              </value>
            </param>
          </params>
          <reporter-output>
            <line>
              <![CDATA[if - REPORTER - ASSERT TRUE CHECK-->true<br>]]>
            </line>
            <line>
              <![CDATA[LOAN CALCULATOR TEST GOT COMPLETED<br>]]>
            </line>
            <line>
              <![CDATA[<a href='C:\Users\pvenkatarajan\GIT2\PVautomation02\JavaMavenTestNG/screenshots/screenshot_loanCalculatorTest [29621.0]_SUCCESS.png' target='_blank'>Screenshot</a>]]>
            </line>
            <line>
              <![CDATA[Screenshot saved for successful test: loanCalculatorTest [29621.0] -> C:\Users\pvenkatarajan\GIT2\PVautomation02\JavaMavenTestNG/screenshots/screenshot_loanCalculatorTest [29621.0]_SUCCESS.png]]>
            </line>
          </reporter-output>
        </test-method> <!-- loanCalculatorTest -->
        <test-method signature="loanCalculatorTest(java.lang.String,java.lang.String,java.lang.String,java.lang.String)[pri:0, instance:JavaMavenTestNG.JavaMavenTestNG.LoanCalculatorTestClass@3cebbb30]" started-at="2024-12-19T09:43:39 CST" name="loanCalculatorTest" description="Owner: pv_test" data-provider="excelData" finished-at="2024-12-19T09:44:07 CST" duration-ms="28198" status="PASS">
          <params>
            <param index="0">
              <value>
                <![CDATA[35071.0]]>
              </value>
            </param>
            <param index="1">
              <value>
                <![CDATA[$2001-$3000]]>
              </value>
            </param>
            <param index="2">
              <value>
                <![CDATA[30 months]]>
              </value>
            </param>
            <param index="3">
              <value>
                <![CDATA[500-599 (Fair)]]>
              </value>
            </param>
          </params>
          <reporter-output>
            <line>
              <![CDATA[if - REPORTER - ASSERT TRUE CHECK-->true<br>]]>
            </line>
            <line>
              <![CDATA[LOAN CALCULATOR TEST GOT COMPLETED<br>]]>
            </line>
            <line>
              <![CDATA[<a href='C:\Users\pvenkatarajan\GIT2\PVautomation02\JavaMavenTestNG/screenshots/screenshot_loanCalculatorTest [35071.0]_SUCCESS.png' target='_blank'>Screenshot</a>]]>
            </line>
            <line>
              <![CDATA[Screenshot saved for successful test: loanCalculatorTest [35071.0] -> C:\Users\pvenkatarajan\GIT2\PVautomation02\JavaMavenTestNG/screenshots/screenshot_loanCalculatorTest [35071.0]_SUCCESS.png]]>
            </line>
          </reporter-output>
        </test-method> <!-- loanCalculatorTest -->
        <test-method signature="loanCalculatorTest(java.lang.String,java.lang.String,java.lang.String,java.lang.String)[pri:0, instance:JavaMavenTestNG.JavaMavenTestNG.LoanCalculatorTestClass@3cebbb30]" started-at="2024-12-19T09:44:07 CST" name="loanCalculatorTest" description="Owner: pv_test" data-provider="excelData" finished-at="2024-12-19T09:44:35 CST" duration-ms="28335" status="PASS">
          <params>
            <param index="0">
              <value>
                <![CDATA[38930.0]]>
              </value>
            </param>
            <param index="1">
              <value>
                <![CDATA[$2001-$3000]]>
              </value>
            </param>
            <param index="2">
              <value>
                <![CDATA[24 months]]>
              </value>
            </param>
            <param index="3">
              <value>
                <![CDATA[500-599 (Fair)]]>
              </value>
            </param>
          </params>
          <reporter-output>
            <line>
              <![CDATA[if - REPORTER - ASSERT TRUE CHECK-->true<br>]]>
            </line>
            <line>
              <![CDATA[LOAN CALCULATOR TEST GOT COMPLETED<br>]]>
            </line>
            <line>
              <![CDATA[<a href='C:\Users\pvenkatarajan\GIT2\PVautomation02\JavaMavenTestNG/screenshots/screenshot_loanCalculatorTest [38930.0]_SUCCESS.png' target='_blank'>Screenshot</a>]]>
            </line>
            <line>
              <![CDATA[Screenshot saved for successful test: loanCalculatorTest [38930.0] -> C:\Users\pvenkatarajan\GIT2\PVautomation02\JavaMavenTestNG/screenshots/screenshot_loanCalculatorTest [38930.0]_SUCCESS.png]]>
            </line>
          </reporter-output>
        </test-method> <!-- loanCalculatorTest -->
        <test-method signature="loanCalculatorTest(java.lang.String,java.lang.String,java.lang.String,java.lang.String)[pri:0, instance:JavaMavenTestNG.JavaMavenTestNG.LoanCalculatorTestClass@3cebbb30]" started-at="2024-12-19T09:44:36 CST" name="loanCalculatorTest" description="Owner: pv_test" data-provider="excelData" finished-at="2024-12-19T09:45:04 CST" duration-ms="28319" status="PASS">
          <params>
            <param index="0">
              <value>
                <![CDATA[70816.0]]>
              </value>
            </param>
            <param index="1">
              <value>
                <![CDATA[$2001-$3000]]>
              </value>
            </param>
            <param index="2">
              <value>
                <![CDATA[36 months]]>
              </value>
            </param>
            <param index="3">
              <value>
                <![CDATA[600-699 (Good)]]>
              </value>
            </param>
          </params>
          <reporter-output>
            <line>
              <![CDATA[if - REPORTER - ASSERT TRUE CHECK-->true<br>]]>
            </line>
            <line>
              <![CDATA[LOAN CALCULATOR TEST GOT COMPLETED<br>]]>
            </line>
            <line>
              <![CDATA[<a href='C:\Users\pvenkatarajan\GIT2\PVautomation02\JavaMavenTestNG/screenshots/screenshot_loanCalculatorTest [70816.0]_SUCCESS.png' target='_blank'>Screenshot</a>]]>
            </line>
            <line>
              <![CDATA[Screenshot saved for successful test: loanCalculatorTest [70816.0] -> C:\Users\pvenkatarajan\GIT2\PVautomation02\JavaMavenTestNG/screenshots/screenshot_loanCalculatorTest [70816.0]_SUCCESS.png]]>
            </line>
          </reporter-output>
        </test-method> <!-- loanCalculatorTest -->
        <test-method signature="loanCalculatorTest(java.lang.String,java.lang.String,java.lang.String,java.lang.String)[pri:0, instance:JavaMavenTestNG.JavaMavenTestNG.LoanCalculatorTestClass@3cebbb30]" started-at="2024-12-19T09:45:04 CST" name="loanCalculatorTest" description="Owner: pv_test" data-provider="excelData" finished-at="2024-12-19T09:46:22 CST" duration-ms="78255" status="FAIL">
          <params>
            <param index="0">
              <value>
                <![CDATA[30076.0]]>
              </value>
            </param>
            <param index="1">
              <value>
                <![CDATA[$2001-$3000]]>
              </value>
            </param>
            <param index="2">
              <value>
                <![CDATA[36 months]]>
              </value>
            </param>
            <param index="3">
              <value>
                <![CDATA[600-699 (Good)]]>
              </value>
            </param>
          </params>
          <exception class="org.openqa.selenium.NoSuchElementException">
            <message>
              <![CDATA[Cannot locate option with text: $2001-$3000
For documentation on this error, please visit: https://www.selenium.dev/documentation/webdriver/troubleshooting/errors#no-such-element-exception
Build info: version: '4.25.0', revision: '8a8aea2337'
System info: os.name: 'Windows 10', os.arch: 'amd64', os.version: '10.0', java.version: '11.0.0.2'
Driver info: driver.version: unknown]]>
            </message>
            <full-stacktrace>
              <![CDATA[org.openqa.selenium.NoSuchElementException: Cannot locate option with text: $2001-$3000
For documentation on this error, please visit: https://www.selenium.dev/documentation/webdriver/troubleshooting/errors#no-such-element-exception
Build info: version: '4.25.0', revision: '8a8aea2337'
System info: os.name: 'Windows 10', os.arch: 'amd64', os.version: '10.0', java.version: '11.0.0.2'
Driver info: driver.version: unknown
at org.openqa.selenium.support.ui.Select.selectByVisibleText(Select.java:153)
at JavaMavenTestNG.JavaMavenTestNG.LoanCalculatorTestClass.loanCalculatorTest(LoanCalculatorTestClass.java:81)
at java.base/jdk.internal.reflect.NativeMethodAccessorImpl.invoke0(Native Method)
at java.base/jdk.internal.reflect.NativeMethodAccessorImpl.invoke(NativeMethodAccessorImpl.java:62)
at java.base/jdk.internal.reflect.DelegatingMethodAccessorImpl.invoke(DelegatingMethodAccessorImpl.java:43)
at java.base/java.lang.reflect.Method.invoke(Method.java:566)
at org.testng.internal.MethodInvocationHelper.invokeMethod(MethodInvocationHelper.java:133)
at org.testng.internal.TestInvoker.invokeMethod(TestInvoker.java:598)
at org.testng.internal.TestInvoker.invokeTestMethod(TestInvoker.java:173)
at org.testng.internal.MethodRunner.runInSequence(MethodRunner.java:46)
at org.testng.internal.TestInvoker$MethodInvocationAgent.invoke(TestInvoker.java:824)
at org.testng.internal.TestInvoker.invokeTestMethods(TestInvoker.java:146)
at org.testng.internal.TestMethodWorker.invokeTestMethods(TestMethodWorker.java:146)
at org.testng.internal.TestMethodWorker.run(TestMethodWorker.java:128)
at java.base/java.util.ArrayList.forEach(ArrayList.java:1540)
at org.testng.TestRunner.privateRun(TestRunner.java:794)
at org.testng.TestRunner.run(TestRunner.java:596)
at org.testng.SuiteRunner.runTest(SuiteRunner.java:377)
at org.testng.SuiteRunner.runSequentially(SuiteRunner.java:371)
at org.testng.SuiteRunner.privateRun(SuiteRunner.java:332)
at org.testng.SuiteRunner.run(SuiteRunner.java:276)
at org.testng.SuiteRunnerWorker.runSuite(SuiteRunnerWorker.java:53)
at org.testng.SuiteRunnerWorker.run(SuiteRunnerWorker.java:96)
at org.testng.TestNG.runSuitesSequentially(TestNG.java:1212)
at org.testng.TestNG.runSuitesLocally(TestNG.java:1134)
at org.testng.TestNG.runSuites(TestNG.java:1063)
at org.testng.TestNG.run(TestNG.java:1031)
at org.testng.remote.AbstractRemoteTestNG.run(AbstractRemoteTestNG.java:115)
at org.testng.remote.RemoteTestNG.initAndRun(RemoteTestNG.java:251)
at org.testng.remote.RemoteTestNG.main(RemoteTestNG.java:77)
]]>
            </full-stacktrace>
          </exception> <!-- org.openqa.selenium.NoSuchElementException -->
          <reporter-output>
            <line>
              <![CDATA[<a href='C:\Users\pvenkatarajan\GIT2\PVautomation02\JavaMavenTestNG/screenshots/screenshot_loanCalculatorTest [30076.0]_FAILURE.png' target='_blank'>Screenshot</a>]]>
            </line>
            <line>
              <![CDATA[Screenshot saved for failed test: loanCalculatorTest [30076.0] -> C:\Users\pvenkatarajan\GIT2\PVautomation02\JavaMavenTestNG/screenshots/screenshot_loanCalculatorTest [30076.0]_FAILURE.png]]>
            </line>
          </reporter-output>
        </test-method> <!-- loanCalculatorTest -->
        <test-method signature="loanCalculatorTest(java.lang.String,java.lang.String,java.lang.String,java.lang.String)[pri:0, instance:JavaMavenTestNG.JavaMavenTestNG.LoanCalculatorTestClass@3cebbb30]" started-at="2024-12-19T09:46:22 CST" name="loanCalculatorTest" description="Owner: pv_test" data-provider="excelData" finished-at="2024-12-19T09:46:51 CST" duration-ms="28741" status="PASS">
          <params>
            <param index="0">
              <value>
                <![CDATA[38305.0]]>
              </value>
            </param>
            <param index="1">
              <value>
                <![CDATA[$2001-$3000]]>
              </value>
            </param>
            <param index="2">
              <value>
                <![CDATA[24 months]]>
              </value>
            </param>
            <param index="3">
              <value>
                <![CDATA[600-699 (Good)]]>
              </value>
            </param>
          </params>
          <reporter-output>
            <line>
              <![CDATA[if - REPORTER - ASSERT TRUE CHECK-->true<br>]]>
            </line>
            <line>
              <![CDATA[LOAN CALCULATOR TEST GOT COMPLETED<br>]]>
            </line>
            <line>
              <![CDATA[<a href='C:\Users\pvenkatarajan\GIT2\PVautomation02\JavaMavenTestNG/screenshots/screenshot_loanCalculatorTest [38305.0]_SUCCESS.png' target='_blank'>Screenshot</a>]]>
            </line>
            <line>
              <![CDATA[Screenshot saved for successful test: loanCalculatorTest [38305.0] -> C:\Users\pvenkatarajan\GIT2\PVautomation02\JavaMavenTestNG/screenshots/screenshot_loanCalculatorTest [38305.0]_SUCCESS.png]]>
            </line>
          </reporter-output>
        </test-method> <!-- loanCalculatorTest -->
        <test-method signature="loanCalculatorTest(java.lang.String,java.lang.String,java.lang.String,java.lang.String)[pri:0, instance:JavaMavenTestNG.JavaMavenTestNG.LoanCalculatorTestClass@3cebbb30]" started-at="2024-12-19T09:46:51 CST" name="loanCalculatorTest" description="Owner: pv_test" data-provider="excelData" finished-at="2024-12-19T09:47:20 CST" duration-ms="28463" status="PASS">
          <params>
            <param index="0">
              <value>
                <![CDATA[42001.0]]>
              </value>
            </param>
            <param index="1">
              <value>
                <![CDATA[$2001-$3000]]>
              </value>
            </param>
            <param index="2">
              <value>
                <![CDATA[36 months]]>
              </value>
            </param>
            <param index="3">
              <value>
                <![CDATA[700+ (Great)]]>
              </value>
            </param>
          </params>
          <reporter-output>
            <line>
              <![CDATA[if - REPORTER - ASSERT TRUE CHECK-->true<br>]]>
            </line>
            <line>
              <![CDATA[LOAN CALCULATOR TEST GOT COMPLETED<br>]]>
            </line>
            <line>
              <![CDATA[<a href='C:\Users\pvenkatarajan\GIT2\PVautomation02\JavaMavenTestNG/screenshots/screenshot_loanCalculatorTest [42001.0]_SUCCESS.png' target='_blank'>Screenshot</a>]]>
            </line>
            <line>
              <![CDATA[Screenshot saved for successful test: loanCalculatorTest [42001.0] -> C:\Users\pvenkatarajan\GIT2\PVautomation02\JavaMavenTestNG/screenshots/screenshot_loanCalculatorTest [42001.0]_SUCCESS.png]]>
            </line>
          </reporter-output>
        </test-method> <!-- loanCalculatorTest -->
        <test-method signature="loanCalculatorTest(java.lang.String,java.lang.String,java.lang.String,java.lang.String)[pri:0, instance:JavaMavenTestNG.JavaMavenTestNG.LoanCalculatorTestClass@3cebbb30]" started-at="2024-12-19T09:47:20 CST" name="loanCalculatorTest" description="Owner: pv_test" data-provider="excelData" finished-at="2024-12-19T09:47:49 CST" duration-ms="28742" status="PASS">
          <params>
            <param index="0">
              <value>
                <![CDATA[63011.0]]>
              </value>
            </param>
            <param index="1">
              <value>
                <![CDATA[$2001-$3000]]>
              </value>
            </param>
            <param index="2">
              <value>
                <![CDATA[30 months]]>
              </value>
            </param>
            <param index="3">
              <value>
                <![CDATA[700+ (Great)]]>
              </value>
            </param>
          </params>
          <reporter-output>
            <line>
              <![CDATA[if - REPORTER - ASSERT TRUE CHECK-->true<br>]]>
            </line>
            <line>
              <![CDATA[LOAN CALCULATOR TEST GOT COMPLETED<br>]]>
            </line>
            <line>
              <![CDATA[<a href='C:\Users\pvenkatarajan\GIT2\PVautomation02\JavaMavenTestNG/screenshots/screenshot_loanCalculatorTest [63011.0]_SUCCESS.png' target='_blank'>Screenshot</a>]]>
            </line>
            <line>
              <![CDATA[Screenshot saved for successful test: loanCalculatorTest [63011.0] -> C:\Users\pvenkatarajan\GIT2\PVautomation02\JavaMavenTestNG/screenshots/screenshot_loanCalculatorTest [63011.0]_SUCCESS.png]]>
            </line>
          </reporter-output>
        </test-method> <!-- loanCalculatorTest -->
        <test-method signature="loanCalculatorTest(java.lang.String,java.lang.String,java.lang.String,java.lang.String)[pri:0, instance:JavaMavenTestNG.JavaMavenTestNG.LoanCalculatorTestClass@3cebbb30]" started-at="2024-12-19T09:47:49 CST" name="loanCalculatorTest" description="Owner: pv_test" data-provider="excelData" finished-at="2024-12-19T09:48:17 CST" duration-ms="28514" status="PASS">
          <params>
            <param index="0">
              <value>
                <![CDATA[75287.0]]>
              </value>
            </param>
            <param index="1">
              <value>
                <![CDATA[$2001-$3000]]>
              </value>
            </param>
            <param index="2">
              <value>
                <![CDATA[24 months]]>
              </value>
            </param>
            <param index="3">
              <value>
                <![CDATA[700+ (Great)]]>
              </value>
            </param>
          </params>
          <reporter-output>
            <line>
              <![CDATA[if - REPORTER - ASSERT TRUE CHECK-->true<br>]]>
            </line>
            <line>
              <![CDATA[LOAN CALCULATOR TEST GOT COMPLETED<br>]]>
            </line>
            <line>
              <![CDATA[<a href='C:\Users\pvenkatarajan\GIT2\PVautomation02\JavaMavenTestNG/screenshots/screenshot_loanCalculatorTest [75287.0]_SUCCESS.png' target='_blank'>Screenshot</a>]]>
            </line>
            <line>
              <![CDATA[Screenshot saved for successful test: loanCalculatorTest [75287.0] -> C:\Users\pvenkatarajan\GIT2\PVautomation02\JavaMavenTestNG/screenshots/screenshot_loanCalculatorTest [75287.0]_SUCCESS.png]]>
            </line>
          </reporter-output>
        </test-method> <!-- loanCalculatorTest -->
        <test-method signature="loanCalculatorTest(java.lang.String,java.lang.String,java.lang.String,java.lang.String)[pri:0, instance:JavaMavenTestNG.JavaMavenTestNG.LoanCalculatorTestClass@3cebbb30]" started-at="2024-12-19T09:48:18 CST" name="loanCalculatorTest" description="Owner: pv_test" data-provider="excelData" finished-at="2024-12-19T09:48:36 CST" duration-ms="18468" status="FAIL">
          <params>
            <param index="0">
              <value>
                <![CDATA[27612.0]]>
              </value>
            </param>
            <param index="1">
              <value>
                <![CDATA[$3001-$4000]]>
              </value>
            </param>
            <param index="2">
              <value>
                <![CDATA[36 months]]>
              </value>
            </param>
            <param index="3">
              <value>
                <![CDATA[600-699 (Good)]]>
              </value>
            </param>
          </params>
          <exception class="java.lang.UnsupportedOperationException">
            <message>
              <![CDATA[You may not select an option in disabled select]]>
            </message>
            <full-stacktrace>
              <![CDATA[java.lang.UnsupportedOperationException: You may not select an option in disabled select
at org.openqa.selenium.support.ui.Select.assertSelectIsEnabled(Select.java:327)
at org.openqa.selenium.support.ui.Select.selectByVisibleText(Select.java:111)
at JavaMavenTestNG.JavaMavenTestNG.LoanCalculatorTestClass.loanCalculatorTest(LoanCalculatorTestClass.java:81)
at java.base/jdk.internal.reflect.NativeMethodAccessorImpl.invoke0(Native Method)
at java.base/jdk.internal.reflect.NativeMethodAccessorImpl.invoke(NativeMethodAccessorImpl.java:62)
at java.base/jdk.internal.reflect.DelegatingMethodAccessorImpl.invoke(DelegatingMethodAccessorImpl.java:43)
at java.base/java.lang.reflect.Method.invoke(Method.java:566)
at org.testng.internal.MethodInvocationHelper.invokeMethod(MethodInvocationHelper.java:133)
at org.testng.internal.TestInvoker.invokeMethod(TestInvoker.java:598)
at org.testng.internal.TestInvoker.invokeTestMethod(TestInvoker.java:173)
at org.testng.internal.MethodRunner.runInSequence(MethodRunner.java:46)
at org.testng.internal.TestInvoker$MethodInvocationAgent.invoke(TestInvoker.java:824)
at org.testng.internal.TestInvoker.invokeTestMethods(TestInvoker.java:146)
at org.testng.internal.TestMethodWorker.invokeTestMethods(TestMethodWorker.java:146)
at org.testng.internal.TestMethodWorker.run(TestMethodWorker.java:128)
at java.base/java.util.ArrayList.forEach(ArrayList.java:1540)
at org.testng.TestRunner.privateRun(TestRunner.java:794)
at org.testng.TestRunner.run(TestRunner.java:596)
at org.testng.SuiteRunner.runTest(SuiteRunner.java:377)
at org.testng.SuiteRunner.runSequentially(SuiteRunner.java:371)
at org.testng.SuiteRunner.privateRun(SuiteRunner.java:332)
at org.testng.SuiteRunner.run(SuiteRunner.java:276)
at org.testng.SuiteRunnerWorker.runSuite(SuiteRunnerWorker.java:53)
at org.testng.SuiteRunnerWorker.run(SuiteRunnerWorker.java:96)
at org.testng.TestNG.runSuitesSequentially(TestNG.java:1212)
at org.testng.TestNG.runSuitesLocally(TestNG.java:1134)
at org.testng.TestNG.runSuites(TestNG.java:1063)
at org.testng.TestNG.run(TestNG.java:1031)
at org.testng.remote.AbstractRemoteTestNG.run(AbstractRemoteTestNG.java:115)
at org.testng.remote.RemoteTestNG.initAndRun(RemoteTestNG.java:251)
at org.testng.remote.RemoteTestNG.main(RemoteTestNG.java:77)
]]>
            </full-stacktrace>
          </exception> <!-- java.lang.UnsupportedOperationException -->
          <reporter-output>
            <line>
              <![CDATA[<a href='C:\Users\pvenkatarajan\GIT2\PVautomation02\JavaMavenTestNG/screenshots/screenshot_loanCalculatorTest [27612.0]_FAILURE.png' target='_blank'>Screenshot</a>]]>
            </line>
            <line>
              <![CDATA[Screenshot saved for failed test: loanCalculatorTest [27612.0] -> C:\Users\pvenkatarajan\GIT2\PVautomation02\JavaMavenTestNG/screenshots/screenshot_loanCalculatorTest [27612.0]_FAILURE.png]]>
            </line>
          </reporter-output>
        </test-method> <!-- loanCalculatorTest -->
        <test-method signature="loanCalculatorTest(java.lang.String,java.lang.String,java.lang.String,java.lang.String)[pri:0, instance:JavaMavenTestNG.JavaMavenTestNG.LoanCalculatorTestClass@3cebbb30]" started-at="2024-12-19T09:48:36 CST" name="loanCalculatorTest" description="Owner: pv_test" data-provider="excelData" finished-at="2024-12-19T09:48:55 CST" duration-ms="18356" status="FAIL">
          <params>
            <param index="0">
              <value>
                <![CDATA[47731.0]]>
              </value>
            </param>
            <param index="1">
              <value>
                <![CDATA[$4001-$5000]]>
              </value>
            </param>
            <param index="2">
              <value>
                <![CDATA[30 months]]>
              </value>
            </param>
            <param index="3">
              <value>
                <![CDATA[700+ (Great)]]>
              </value>
            </param>
          </params>
          <exception class="java.lang.UnsupportedOperationException">
            <message>
              <![CDATA[You may not select an option in disabled select]]>
            </message>
            <full-stacktrace>
              <![CDATA[java.lang.UnsupportedOperationException: You may not select an option in disabled select
at org.openqa.selenium.support.ui.Select.assertSelectIsEnabled(Select.java:327)
at org.openqa.selenium.support.ui.Select.selectByVisibleText(Select.java:111)
at JavaMavenTestNG.JavaMavenTestNG.LoanCalculatorTestClass.loanCalculatorTest(LoanCalculatorTestClass.java:81)
at java.base/jdk.internal.reflect.NativeMethodAccessorImpl.invoke0(Native Method)
at java.base/jdk.internal.reflect.NativeMethodAccessorImpl.invoke(NativeMethodAccessorImpl.java:62)
at java.base/jdk.internal.reflect.DelegatingMethodAccessorImpl.invoke(DelegatingMethodAccessorImpl.java:43)
at java.base/java.lang.reflect.Method.invoke(Method.java:566)
at org.testng.internal.MethodInvocationHelper.invokeMethod(MethodInvocationHelper.java:133)
at org.testng.internal.TestInvoker.invokeMethod(TestInvoker.java:598)
at org.testng.internal.TestInvoker.invokeTestMethod(TestInvoker.java:173)
at org.testng.internal.MethodRunner.runInSequence(MethodRunner.java:46)
at org.testng.internal.TestInvoker$MethodInvocationAgent.invoke(TestInvoker.java:824)
at org.testng.internal.TestInvoker.invokeTestMethods(TestInvoker.java:146)
at org.testng.internal.TestMethodWorker.invokeTestMethods(TestMethodWorker.java:146)
at org.testng.internal.TestMethodWorker.run(TestMethodWorker.java:128)
at java.base/java.util.ArrayList.forEach(ArrayList.java:1540)
at org.testng.TestRunner.privateRun(TestRunner.java:794)
at org.testng.TestRunner.run(TestRunner.java:596)
at org.testng.SuiteRunner.runTest(SuiteRunner.java:377)
at org.testng.SuiteRunner.runSequentially(SuiteRunner.java:371)
at org.testng.SuiteRunner.privateRun(SuiteRunner.java:332)
at org.testng.SuiteRunner.run(SuiteRunner.java:276)
at org.testng.SuiteRunnerWorker.runSuite(SuiteRunnerWorker.java:53)
at org.testng.SuiteRunnerWorker.run(SuiteRunnerWorker.java:96)
at org.testng.TestNG.runSuitesSequentially(TestNG.java:1212)
at org.testng.TestNG.runSuitesLocally(TestNG.java:1134)
at org.testng.TestNG.runSuites(TestNG.java:1063)
at org.testng.TestNG.run(TestNG.java:1031)
at org.testng.remote.AbstractRemoteTestNG.run(AbstractRemoteTestNG.java:115)
at org.testng.remote.RemoteTestNG.initAndRun(RemoteTestNG.java:251)
at org.testng.remote.RemoteTestNG.main(RemoteTestNG.java:77)
]]>
            </full-stacktrace>
          </exception> <!-- java.lang.UnsupportedOperationException -->
          <reporter-output>
            <line>
              <![CDATA[<a href='C:\Users\pvenkatarajan\GIT2\PVautomation02\JavaMavenTestNG/screenshots/screenshot_loanCalculatorTest [47731.0]_FAILURE.png' target='_blank'>Screenshot</a>]]>
            </line>
            <line>
              <![CDATA[Screenshot saved for failed test: loanCalculatorTest [47731.0] -> C:\Users\pvenkatarajan\GIT2\PVautomation02\JavaMavenTestNG/screenshots/screenshot_loanCalculatorTest [47731.0]_FAILURE.png]]>
            </line>
          </reporter-output>
        </test-method> <!-- loanCalculatorTest -->
        <test-method signature="loanCalculatorTest(java.lang.String,java.lang.String,java.lang.String,java.lang.String)[pri:0, instance:JavaMavenTestNG.JavaMavenTestNG.LoanCalculatorTestClass@3cebbb30]" started-at="2024-12-19T09:48:55 CST" name="loanCalculatorTest" description="Owner: pv_test" data-provider="excelData" finished-at="2024-12-19T09:49:13 CST" duration-ms="18641" status="FAIL">
          <params>
            <param index="0">
              <value>
                <![CDATA[85296.0]]>
              </value>
            </param>
            <param index="1">
              <value>
                <![CDATA[$5001-$6000]]>
              </value>
            </param>
            <param index="2">
              <value>
                <![CDATA[24 months]]>
              </value>
            </param>
            <param index="3">
              <value>
                <![CDATA[500-599 (Fair)]]>
              </value>
            </param>
          </params>
          <exception class="java.lang.UnsupportedOperationException">
            <message>
              <![CDATA[You may not select an option in disabled select]]>
            </message>
            <full-stacktrace>
              <![CDATA[java.lang.UnsupportedOperationException: You may not select an option in disabled select
at org.openqa.selenium.support.ui.Select.assertSelectIsEnabled(Select.java:327)
at org.openqa.selenium.support.ui.Select.selectByVisibleText(Select.java:111)
at JavaMavenTestNG.JavaMavenTestNG.LoanCalculatorTestClass.loanCalculatorTest(LoanCalculatorTestClass.java:81)
at java.base/jdk.internal.reflect.NativeMethodAccessorImpl.invoke0(Native Method)
at java.base/jdk.internal.reflect.NativeMethodAccessorImpl.invoke(NativeMethodAccessorImpl.java:62)
at java.base/jdk.internal.reflect.DelegatingMethodAccessorImpl.invoke(DelegatingMethodAccessorImpl.java:43)
at java.base/java.lang.reflect.Method.invoke(Method.java:566)
at org.testng.internal.MethodInvocationHelper.invokeMethod(MethodInvocationHelper.java:133)
at org.testng.internal.TestInvoker.invokeMethod(TestInvoker.java:598)
at org.testng.internal.TestInvoker.invokeTestMethod(TestInvoker.java:173)
at org.testng.internal.MethodRunner.runInSequence(MethodRunner.java:46)
at org.testng.internal.TestInvoker$MethodInvocationAgent.invoke(TestInvoker.java:824)
at org.testng.internal.TestInvoker.invokeTestMethods(TestInvoker.java:146)
at org.testng.internal.TestMethodWorker.invokeTestMethods(TestMethodWorker.java:146)
at org.testng.internal.TestMethodWorker.run(TestMethodWorker.java:128)
at java.base/java.util.ArrayList.forEach(ArrayList.java:1540)
at org.testng.TestRunner.privateRun(TestRunner.java:794)
at org.testng.TestRunner.run(TestRunner.java:596)
at org.testng.SuiteRunner.runTest(SuiteRunner.java:377)
at org.testng.SuiteRunner.runSequentially(SuiteRunner.java:371)
at org.testng.SuiteRunner.privateRun(SuiteRunner.java:332)
at org.testng.SuiteRunner.run(SuiteRunner.java:276)
at org.testng.SuiteRunnerWorker.runSuite(SuiteRunnerWorker.java:53)
at org.testng.SuiteRunnerWorker.run(SuiteRunnerWorker.java:96)
at org.testng.TestNG.runSuitesSequentially(TestNG.java:1212)
at org.testng.TestNG.runSuitesLocally(TestNG.java:1134)
at org.testng.TestNG.runSuites(TestNG.java:1063)
at org.testng.TestNG.run(TestNG.java:1031)
at org.testng.remote.AbstractRemoteTestNG.run(AbstractRemoteTestNG.java:115)
at org.testng.remote.RemoteTestNG.initAndRun(RemoteTestNG.java:251)
at org.testng.remote.RemoteTestNG.main(RemoteTestNG.java:77)
]]>
            </full-stacktrace>
          </exception> <!-- java.lang.UnsupportedOperationException -->
          <reporter-output>
            <line>
              <![CDATA[<a href='C:\Users\pvenkatarajan\GIT2\PVautomation02\JavaMavenTestNG/screenshots/screenshot_loanCalculatorTest [85296.0]_FAILURE.png' target='_blank'>Screenshot</a>]]>
            </line>
            <line>
              <![CDATA[Screenshot saved for failed test: loanCalculatorTest [85296.0] -> C:\Users\pvenkatarajan\GIT2\PVautomation02\JavaMavenTestNG/screenshots/screenshot_loanCalculatorTest [85296.0]_FAILURE.png]]>
            </line>
          </reporter-output>
        </test-method> <!-- loanCalculatorTest -->
        <test-method signature="loanCalculatorTest(java.lang.String,java.lang.String,java.lang.String,java.lang.String)[pri:0, instance:JavaMavenTestNG.JavaMavenTestNG.LoanCalculatorTestClass@3cebbb30]" started-at="2024-12-19T09:49:13 CST" name="loanCalculatorTest" description="Owner: pv_test" data-provider="excelData" finished-at="2024-12-19T09:49:32 CST" duration-ms="18369" status="FAIL">
          <params>
            <param index="0">
              <value>
                <![CDATA[53219.0]]>
              </value>
            </param>
            <param index="1">
              <value>
                <![CDATA[$6001-$7000]]>
              </value>
            </param>
            <param index="2">
              <value>
                <![CDATA[36 months]]>
              </value>
            </param>
            <param index="3">
              <value>
                <![CDATA[600-699 (Good)]]>
              </value>
            </param>
          </params>
          <exception class="java.lang.UnsupportedOperationException">
            <message>
              <![CDATA[You may not select an option in disabled select]]>
            </message>
            <full-stacktrace>
              <![CDATA[java.lang.UnsupportedOperationException: You may not select an option in disabled select
at org.openqa.selenium.support.ui.Select.assertSelectIsEnabled(Select.java:327)
at org.openqa.selenium.support.ui.Select.selectByVisibleText(Select.java:111)
at JavaMavenTestNG.JavaMavenTestNG.LoanCalculatorTestClass.loanCalculatorTest(LoanCalculatorTestClass.java:81)
at java.base/jdk.internal.reflect.NativeMethodAccessorImpl.invoke0(Native Method)
at java.base/jdk.internal.reflect.NativeMethodAccessorImpl.invoke(NativeMethodAccessorImpl.java:62)
at java.base/jdk.internal.reflect.DelegatingMethodAccessorImpl.invoke(DelegatingMethodAccessorImpl.java:43)
at java.base/java.lang.reflect.Method.invoke(Method.java:566)
at org.testng.internal.MethodInvocationHelper.invokeMethod(MethodInvocationHelper.java:133)
at org.testng.internal.TestInvoker.invokeMethod(TestInvoker.java:598)
at org.testng.internal.TestInvoker.invokeTestMethod(TestInvoker.java:173)
at org.testng.internal.MethodRunner.runInSequence(MethodRunner.java:46)
at org.testng.internal.TestInvoker$MethodInvocationAgent.invoke(TestInvoker.java:824)
at org.testng.internal.TestInvoker.invokeTestMethods(TestInvoker.java:146)
at org.testng.internal.TestMethodWorker.invokeTestMethods(TestMethodWorker.java:146)
at org.testng.internal.TestMethodWorker.run(TestMethodWorker.java:128)
at java.base/java.util.ArrayList.forEach(ArrayList.java:1540)
at org.testng.TestRunner.privateRun(TestRunner.java:794)
at org.testng.TestRunner.run(TestRunner.java:596)
at org.testng.SuiteRunner.runTest(SuiteRunner.java:377)
at org.testng.SuiteRunner.runSequentially(SuiteRunner.java:371)
at org.testng.SuiteRunner.privateRun(SuiteRunner.java:332)
at org.testng.SuiteRunner.run(SuiteRunner.java:276)
at org.testng.SuiteRunnerWorker.runSuite(SuiteRunnerWorker.java:53)
at org.testng.SuiteRunnerWorker.run(SuiteRunnerWorker.java:96)
at org.testng.TestNG.runSuitesSequentially(TestNG.java:1212)
at org.testng.TestNG.runSuitesLocally(TestNG.java:1134)
at org.testng.TestNG.runSuites(TestNG.java:1063)
at org.testng.TestNG.run(TestNG.java:1031)
at org.testng.remote.AbstractRemoteTestNG.run(AbstractRemoteTestNG.java:115)
at org.testng.remote.RemoteTestNG.initAndRun(RemoteTestNG.java:251)
at org.testng.remote.RemoteTestNG.main(RemoteTestNG.java:77)
]]>
            </full-stacktrace>
          </exception> <!-- java.lang.UnsupportedOperationException -->
          <reporter-output>
            <line>
              <![CDATA[<a href='C:\Users\pvenkatarajan\GIT2\PVautomation02\JavaMavenTestNG/screenshots/screenshot_loanCalculatorTest [53219.0]_FAILURE.png' target='_blank'>Screenshot</a>]]>
            </line>
            <line>
              <![CDATA[Screenshot saved for failed test: loanCalculatorTest [53219.0] -> C:\Users\pvenkatarajan\GIT2\PVautomation02\JavaMavenTestNG/screenshots/screenshot_loanCalculatorTest [53219.0]_FAILURE.png]]>
            </line>
          </reporter-output>
        </test-method> <!-- loanCalculatorTest -->
        <test-method signature="loanCalculatorTest(java.lang.String,java.lang.String,java.lang.String,java.lang.String)[pri:0, instance:JavaMavenTestNG.JavaMavenTestNG.LoanCalculatorTestClass@3cebbb30]" started-at="2024-12-19T09:49:32 CST" name="loanCalculatorTest" description="Owner: pv_test" data-provider="excelData" finished-at="2024-12-19T09:50:01 CST" duration-ms="28975" status="PASS">
          <params>
            <param index="0">
              <value>
                <![CDATA[23224.0]]>
              </value>
            </param>
            <param index="1">
              <value>
                <![CDATA[$7001-$8000]]>
              </value>
            </param>
            <param index="2">
              <value>
                <![CDATA[36 months]]>
              </value>
            </param>
            <param index="3">
              <value>
                <![CDATA[700+ (Great)]]>
              </value>
            </param>
          </params>
          <reporter-output>
            <line>
              <![CDATA[if - REPORTER - ASSERT TRUE CHECK-->true<br>]]>
            </line>
            <line>
              <![CDATA[LOAN CALCULATOR TEST GOT COMPLETED<br>]]>
            </line>
            <line>
              <![CDATA[<a href='C:\Users\pvenkatarajan\GIT2\PVautomation02\JavaMavenTestNG/screenshots/screenshot_loanCalculatorTest [23224.0]_SUCCESS.png' target='_blank'>Screenshot</a>]]>
            </line>
            <line>
              <![CDATA[Screenshot saved for successful test: loanCalculatorTest [23224.0] -> C:\Users\pvenkatarajan\GIT2\PVautomation02\JavaMavenTestNG/screenshots/screenshot_loanCalculatorTest [23224.0]_SUCCESS.png]]>
            </line>
          </reporter-output>
        </test-method> <!-- loanCalculatorTest -->
        <test-method signature="loanCalculatorTest(java.lang.String,java.lang.String,java.lang.String,java.lang.String)[pri:0, instance:JavaMavenTestNG.JavaMavenTestNG.LoanCalculatorTestClass@3cebbb30]" started-at="2024-12-19T09:50:01 CST" name="loanCalculatorTest" description="Owner: pv_test" data-provider="excelData" finished-at="2024-12-19T09:50:20 CST" duration-ms="18435" status="FAIL">
          <params>
            <param index="0">
              <value>
                <![CDATA[32309.0]]>
              </value>
            </param>
            <param index="1">
              <value>
                <![CDATA[$8001-$9000]]>
              </value>
            </param>
            <param index="2">
              <value>
                <![CDATA[36 months]]>
              </value>
            </param>
            <param index="3">
              <value>
                <![CDATA[500-599 (Fair)]]>
              </value>
            </param>
          </params>
          <exception class="java.lang.UnsupportedOperationException">
            <message>
              <![CDATA[You may not select an option in disabled select]]>
            </message>
            <full-stacktrace>
              <![CDATA[java.lang.UnsupportedOperationException: You may not select an option in disabled select
at org.openqa.selenium.support.ui.Select.assertSelectIsEnabled(Select.java:327)
at org.openqa.selenium.support.ui.Select.selectByVisibleText(Select.java:111)
at JavaMavenTestNG.JavaMavenTestNG.LoanCalculatorTestClass.loanCalculatorTest(LoanCalculatorTestClass.java:81)
at java.base/jdk.internal.reflect.NativeMethodAccessorImpl.invoke0(Native Method)
at java.base/jdk.internal.reflect.NativeMethodAccessorImpl.invoke(NativeMethodAccessorImpl.java:62)
at java.base/jdk.internal.reflect.DelegatingMethodAccessorImpl.invoke(DelegatingMethodAccessorImpl.java:43)
at java.base/java.lang.reflect.Method.invoke(Method.java:566)
at org.testng.internal.MethodInvocationHelper.invokeMethod(MethodInvocationHelper.java:133)
at org.testng.internal.TestInvoker.invokeMethod(TestInvoker.java:598)
at org.testng.internal.TestInvoker.invokeTestMethod(TestInvoker.java:173)
at org.testng.internal.MethodRunner.runInSequence(MethodRunner.java:46)
at org.testng.internal.TestInvoker$MethodInvocationAgent.invoke(TestInvoker.java:824)
at org.testng.internal.TestInvoker.invokeTestMethods(TestInvoker.java:146)
at org.testng.internal.TestMethodWorker.invokeTestMethods(TestMethodWorker.java:146)
at org.testng.internal.TestMethodWorker.run(TestMethodWorker.java:128)
at java.base/java.util.ArrayList.forEach(ArrayList.java:1540)
at org.testng.TestRunner.privateRun(TestRunner.java:794)
at org.testng.TestRunner.run(TestRunner.java:596)
at org.testng.SuiteRunner.runTest(SuiteRunner.java:377)
at org.testng.SuiteRunner.runSequentially(SuiteRunner.java:371)
at org.testng.SuiteRunner.privateRun(SuiteRunner.java:332)
at org.testng.SuiteRunner.run(SuiteRunner.java:276)
at org.testng.SuiteRunnerWorker.runSuite(SuiteRunnerWorker.java:53)
at org.testng.SuiteRunnerWorker.run(SuiteRunnerWorker.java:96)
at org.testng.TestNG.runSuitesSequentially(TestNG.java:1212)
at org.testng.TestNG.runSuitesLocally(TestNG.java:1134)
at org.testng.TestNG.runSuites(TestNG.java:1063)
at org.testng.TestNG.run(TestNG.java:1031)
at org.testng.remote.AbstractRemoteTestNG.run(AbstractRemoteTestNG.java:115)
at org.testng.remote.RemoteTestNG.initAndRun(RemoteTestNG.java:251)
at org.testng.remote.RemoteTestNG.main(RemoteTestNG.java:77)
]]>
            </full-stacktrace>
          </exception> <!-- java.lang.UnsupportedOperationException -->
          <reporter-output>
            <line>
              <![CDATA[<a href='C:\Users\pvenkatarajan\GIT2\PVautomation02\JavaMavenTestNG/screenshots/screenshot_loanCalculatorTest [32309.0]_FAILURE.png' target='_blank'>Screenshot</a>]]>
            </line>
            <line>
              <![CDATA[Screenshot saved for failed test: loanCalculatorTest [32309.0] -> C:\Users\pvenkatarajan\GIT2\PVautomation02\JavaMavenTestNG/screenshots/screenshot_loanCalculatorTest [32309.0]_FAILURE.png]]>
            </line>
          </reporter-output>
        </test-method> <!-- loanCalculatorTest -->
        <test-method signature="loanCalculatorTest(java.lang.String,java.lang.String,java.lang.String,java.lang.String)[pri:0, instance:JavaMavenTestNG.JavaMavenTestNG.LoanCalculatorTestClass@3cebbb30]" started-at="2024-12-19T09:50:20 CST" name="loanCalculatorTest" description="Owner: pv_test" data-provider="excelData" finished-at="2024-12-19T09:50:38 CST" duration-ms="18378" status="FAIL">
          <params>
            <param index="0">
              <value>
                <![CDATA[43103.0]]>
              </value>
            </param>
            <param index="1">
              <value>
                <![CDATA[$9001-$10000]]>
              </value>
            </param>
            <param index="2">
              <value>
                <![CDATA[36 months]]>
              </value>
            </param>
            <param index="3">
              <value>
                <![CDATA[600-699 (Good)]]>
              </value>
            </param>
          </params>
          <exception class="java.lang.UnsupportedOperationException">
            <message>
              <![CDATA[You may not select an option in disabled select]]>
            </message>
            <full-stacktrace>
              <![CDATA[java.lang.UnsupportedOperationException: You may not select an option in disabled select
at org.openqa.selenium.support.ui.Select.assertSelectIsEnabled(Select.java:327)
at org.openqa.selenium.support.ui.Select.selectByVisibleText(Select.java:111)
at JavaMavenTestNG.JavaMavenTestNG.LoanCalculatorTestClass.loanCalculatorTest(LoanCalculatorTestClass.java:81)
at java.base/jdk.internal.reflect.NativeMethodAccessorImpl.invoke0(Native Method)
at java.base/jdk.internal.reflect.NativeMethodAccessorImpl.invoke(NativeMethodAccessorImpl.java:62)
at java.base/jdk.internal.reflect.DelegatingMethodAccessorImpl.invoke(DelegatingMethodAccessorImpl.java:43)
at java.base/java.lang.reflect.Method.invoke(Method.java:566)
at org.testng.internal.MethodInvocationHelper.invokeMethod(MethodInvocationHelper.java:133)
at org.testng.internal.TestInvoker.invokeMethod(TestInvoker.java:598)
at org.testng.internal.TestInvoker.invokeTestMethod(TestInvoker.java:173)
at org.testng.internal.MethodRunner.runInSequence(MethodRunner.java:46)
at org.testng.internal.TestInvoker$MethodInvocationAgent.invoke(TestInvoker.java:824)
at org.testng.internal.TestInvoker.invokeTestMethods(TestInvoker.java:146)
at org.testng.internal.TestMethodWorker.invokeTestMethods(TestMethodWorker.java:146)
at org.testng.internal.TestMethodWorker.run(TestMethodWorker.java:128)
at java.base/java.util.ArrayList.forEach(ArrayList.java:1540)
at org.testng.TestRunner.privateRun(TestRunner.java:794)
at org.testng.TestRunner.run(TestRunner.java:596)
at org.testng.SuiteRunner.runTest(SuiteRunner.java:377)
at org.testng.SuiteRunner.runSequentially(SuiteRunner.java:371)
at org.testng.SuiteRunner.privateRun(SuiteRunner.java:332)
at org.testng.SuiteRunner.run(SuiteRunner.java:276)
at org.testng.SuiteRunnerWorker.runSuite(SuiteRunnerWorker.java:53)
at org.testng.SuiteRunnerWorker.run(SuiteRunnerWorker.java:96)
at org.testng.TestNG.runSuitesSequentially(TestNG.java:1212)
at org.testng.TestNG.runSuitesLocally(TestNG.java:1134)
at org.testng.TestNG.runSuites(TestNG.java:1063)
at org.testng.TestNG.run(TestNG.java:1031)
at org.testng.remote.AbstractRemoteTestNG.run(AbstractRemoteTestNG.java:115)
at org.testng.remote.RemoteTestNG.initAndRun(RemoteTestNG.java:251)
at org.testng.remote.RemoteTestNG.main(RemoteTestNG.java:77)
]]>
            </full-stacktrace>
          </exception> <!-- java.lang.UnsupportedOperationException -->
          <reporter-output>
            <line>
              <![CDATA[<a href='C:\Users\pvenkatarajan\GIT2\PVautomation02\JavaMavenTestNG/screenshots/screenshot_loanCalculatorTest [43103.0]_FAILURE.png' target='_blank'>Screenshot</a>]]>
            </line>
            <line>
              <![CDATA[Screenshot saved for failed test: loanCalculatorTest [43103.0] -> C:\Users\pvenkatarajan\GIT2\PVautomation02\JavaMavenTestNG/screenshots/screenshot_loanCalculatorTest [43103.0]_FAILURE.png]]>
            </line>
          </reporter-output>
        </test-method> <!-- loanCalculatorTest -->
        <test-method is-config="true" signature="tearDown()[pri:0, instance:JavaMavenTestNG.JavaMavenTestNG.LoanCalculatorTestClass@3cebbb30]" started-at="2024-12-19T09:50:38 CST" name="tearDown" finished-at="2024-12-19T09:50:39 CST" duration-ms="793" status="PASS">
          <reporter-output>
          </reporter-output>
        </test-method> <!-- tearDown -->
      </class> <!-- JavaMavenTestNG.JavaMavenTestNG.LoanCalculatorTestClass -->
    </test> <!-- Test -->
  </suite> <!-- Suite -->
</testng-results>
